2023-10-18T18:48:59.500-0500 [INFO]  Terraform version: 1.6.1
2023-10-18T18:48:59.500-0500 [DEBUG] using github.com/hashicorp/go-tfe v1.34.0
2023-10-18T18:48:59.500-0500 [DEBUG] using github.com/hashicorp/hcl/v2 v2.18.1
2023-10-18T18:48:59.500-0500 [DEBUG] using github.com/hashicorp/terraform-svchost v0.1.1
2023-10-18T18:48:59.500-0500 [DEBUG] using github.com/zclconf/go-cty v1.14.1
2023-10-18T18:48:59.500-0500 [INFO]  Go runtime version: go1.21.1
2023-10-18T18:48:59.500-0500 [INFO]  CLI args: []string{"terraform", "apply"}
2023-10-18T18:48:59.500-0500 [DEBUG] Attempting to open CLI config file: /home/roman.nelson/.terraformrc
2023-10-18T18:48:59.500-0500 [DEBUG] File doesn't exist, but doesn't need to. Ignoring.
2023-10-18T18:48:59.501-0500 [DEBUG] ignoring non-existing provider search directory terraform.d/plugins
2023-10-18T18:48:59.501-0500 [DEBUG] ignoring non-existing provider search directory /home/roman.nelson/.terraform.d/plugins
2023-10-18T18:48:59.501-0500 [DEBUG] ignoring non-existing provider search directory /home/roman.nelson/.local/share/terraform/plugins
2023-10-18T18:48:59.501-0500 [DEBUG] ignoring non-existing provider search directory /usr/local/share/terraform/plugins
2023-10-18T18:48:59.501-0500 [DEBUG] ignoring non-existing provider search directory /usr/share/terraform/plugins
2023-10-18T18:48:59.501-0500 [DEBUG] ignoring non-existing provider search directory /var/lib/snapd/desktop/terraform/plugins
2023-10-18T18:48:59.501-0500 [INFO]  CLI command args: []string{"apply"}
2023-10-18T18:48:59.503-0500 [DEBUG] New state was assigned lineage "f51a133f-485e-db9f-0651-d9e978b414c9"
2023-10-18T18:48:59.792-0500 [DEBUG] checking for provisioner in "."
2023-10-18T18:48:59.793-0500 [DEBUG] checking for provisioner in "/usr/local/bin"
2023-10-18T18:48:59.794-0500 [INFO]  backend/local: starting Apply operation
2023-10-18T18:48:59.796-0500 [DEBUG] created provider logger: level=debug
2023-10-18T18:48:59.796-0500 [INFO]  provider: configuring client automatic mTLS
2023-10-18T18:48:59.813-0500 [DEBUG] provider: starting plugin: path=.terraform/providers/registry.terraform.io/hashicorp/helm/2.11.0/linux_amd64/terraform-provider-helm_v2.11.0_x5 args=[".terraform/providers/registry.terraform.io/hashicorp/helm/2.11.0/linux_amd64/terraform-provider-helm_v2.11.0_x5"]
2023-10-18T18:48:59.819-0500 [DEBUG] provider: plugin started: path=.terraform/providers/registry.terraform.io/hashicorp/helm/2.11.0/linux_amd64/terraform-provider-helm_v2.11.0_x5 pid=2678539
2023-10-18T18:48:59.819-0500 [DEBUG] provider: waiting for RPC address: path=.terraform/providers/registry.terraform.io/hashicorp/helm/2.11.0/linux_amd64/terraform-provider-helm_v2.11.0_x5
2023-10-18T18:48:59.862-0500 [INFO]  provider.terraform-provider-helm_v2.11.0_x5: configuring server automatic mTLS: timestamp=2023-10-18T18:48:59.862-0500
2023-10-18T18:48:59.892-0500 [DEBUG] provider.terraform-provider-helm_v2.11.0_x5: plugin address: address=/tmp/plugin920716094 network=unix timestamp=2023-10-18T18:48:59.892-0500
2023-10-18T18:48:59.892-0500 [DEBUG] provider: using plugin: version=5
2023-10-18T18:48:59.918-0500 [DEBUG] provider.stdio: received EOF, stopping recv loop: err="rpc error: code = Unavailable desc = error reading from server: EOF"
2023-10-18T18:48:59.925-0500 [DEBUG] provider: plugin process exited: path=.terraform/providers/registry.terraform.io/hashicorp/helm/2.11.0/linux_amd64/terraform-provider-helm_v2.11.0_x5 pid=2678539
2023-10-18T18:48:59.925-0500 [DEBUG] provider: plugin exited
2023-10-18T18:48:59.925-0500 [DEBUG] created provider logger: level=debug
2023-10-18T18:48:59.925-0500 [INFO]  provider: configuring client automatic mTLS
2023-10-18T18:48:59.933-0500 [DEBUG] provider: starting plugin: path=.terraform/providers/registry.terraform.io/hashicorp/null/3.2.1/linux_amd64/terraform-provider-null_v3.2.1_x5 args=[".terraform/providers/registry.terraform.io/hashicorp/null/3.2.1/linux_amd64/terraform-provider-null_v3.2.1_x5"]
2023-10-18T18:48:59.938-0500 [DEBUG] provider: plugin started: path=.terraform/providers/registry.terraform.io/hashicorp/null/3.2.1/linux_amd64/terraform-provider-null_v3.2.1_x5 pid=2678550
2023-10-18T18:48:59.938-0500 [DEBUG] provider: waiting for RPC address: path=.terraform/providers/registry.terraform.io/hashicorp/null/3.2.1/linux_amd64/terraform-provider-null_v3.2.1_x5
2023-10-18T18:48:59.947-0500 [INFO]  provider.terraform-provider-null_v3.2.1_x5: configuring server automatic mTLS: timestamp=2023-10-18T18:48:59.947-0500
2023-10-18T18:48:59.974-0500 [DEBUG] provider.terraform-provider-null_v3.2.1_x5: plugin address: address=/tmp/plugin4123675647 network=unix timestamp=2023-10-18T18:48:59.974-0500
2023-10-18T18:48:59.974-0500 [DEBUG] provider: using plugin: version=5
2023-10-18T18:48:59.999-0500 [DEBUG] provider.terraform-provider-null_v3.2.1_x5: Calling provider defined Provider Metadata: tf_provider_addr=registry.terraform.io/hashicorp/null tf_req_id=5cc98319-9e81-14d5-51d6-add558d0f050 tf_rpc=GetProviderSchema @caller=github.com/hashicorp/terraform-plugin-framework@v0.16.0/internal/fwserver/server_getproviderschema.go:39 @module=sdk.framework timestamp=2023-10-18T18:48:59.999-0500
2023-10-18T18:48:59.999-0500 [DEBUG] provider.terraform-provider-null_v3.2.1_x5: Called provider defined Provider Metadata: @module=sdk.framework tf_provider_addr=registry.terraform.io/hashicorp/null tf_req_id=5cc98319-9e81-14d5-51d6-add558d0f050 tf_rpc=GetProviderSchema @caller=github.com/hashicorp/terraform-plugin-framework@v0.16.0/internal/fwserver/server_getproviderschema.go:41 timestamp=2023-10-18T18:48:59.999-0500
2023-10-18T18:48:59.999-0500 [DEBUG] provider.terraform-provider-null_v3.2.1_x5: Calling provider defined Provider GetSchema: @caller=github.com/hashicorp/terraform-plugin-framework@v0.16.0/internal/fwserver/server.go:260 @module=sdk.framework tf_provider_addr=registry.terraform.io/hashicorp/null tf_req_id=5cc98319-9e81-14d5-51d6-add558d0f050 tf_rpc=GetProviderSchema timestamp=2023-10-18T18:48:59.999-0500
2023-10-18T18:48:59.999-0500 [DEBUG] provider.terraform-provider-null_v3.2.1_x5: Called provider defined Provider GetSchema: @module=sdk.framework tf_provider_addr=registry.terraform.io/hashicorp/null tf_req_id=5cc98319-9e81-14d5-51d6-add558d0f050 tf_rpc=GetProviderSchema @caller=github.com/hashicorp/terraform-plugin-framework@v0.16.0/internal/fwserver/server.go:262 timestamp=2023-10-18T18:48:59.999-0500
2023-10-18T18:49:00.000-0500 [DEBUG] provider.terraform-provider-null_v3.2.1_x5: Calling provider defined Provider Resources: @module=sdk.framework tf_provider_addr=registry.terraform.io/hashicorp/null tf_req_id=5cc98319-9e81-14d5-51d6-add558d0f050 tf_rpc=GetProviderSchema @caller=github.com/hashicorp/terraform-plugin-framework@v0.16.0/internal/fwserver/server.go:330 timestamp=2023-10-18T18:49:00.000-0500
2023-10-18T18:49:00.000-0500 [DEBUG] provider.terraform-provider-null_v3.2.1_x5: Called provider defined Provider Resources: tf_req_id=5cc98319-9e81-14d5-51d6-add558d0f050 tf_rpc=GetProviderSchema @caller=github.com/hashicorp/terraform-plugin-framework@v0.16.0/internal/fwserver/server.go:332 @module=sdk.framework tf_provider_addr=registry.terraform.io/hashicorp/null timestamp=2023-10-18T18:49:00.000-0500
2023-10-18T18:49:00.000-0500 [DEBUG] provider.terraform-provider-null_v3.2.1_x5: Calling provider defined Resource GetSchema: tf_rpc=GetProviderSchema @caller=github.com/hashicorp/terraform-plugin-framework@v0.16.0/internal/fwserver/server.go:411 @module=sdk.framework tf_provider_addr=registry.terraform.io/hashicorp/null tf_req_id=5cc98319-9e81-14d5-51d6-add558d0f050 tf_resource_type=null_resource timestamp=2023-10-18T18:49:00.000-0500
2023-10-18T18:49:00.000-0500 [DEBUG] provider.terraform-provider-null_v3.2.1_x5: Called provider defined Resource GetSchema: tf_req_id=5cc98319-9e81-14d5-51d6-add558d0f050 @module=sdk.framework tf_provider_addr=registry.terraform.io/hashicorp/null tf_resource_type=null_resource tf_rpc=GetProviderSchema @caller=github.com/hashicorp/terraform-plugin-framework@v0.16.0/internal/fwserver/server.go:413 timestamp=2023-10-18T18:49:00.000-0500
2023-10-18T18:49:00.000-0500 [DEBUG] provider.terraform-provider-null_v3.2.1_x5: Calling provider defined Provider DataSources: tf_req_id=5cc98319-9e81-14d5-51d6-add558d0f050 tf_rpc=GetProviderSchema @caller=github.com/hashicorp/terraform-plugin-framework@v0.16.0/internal/fwserver/server.go:152 @module=sdk.framework tf_provider_addr=registry.terraform.io/hashicorp/null timestamp=2023-10-18T18:49:00.000-0500
2023-10-18T18:49:00.000-0500 [DEBUG] provider.terraform-provider-null_v3.2.1_x5: Called provider defined Provider DataSources: @module=sdk.framework tf_provider_addr=registry.terraform.io/hashicorp/null tf_req_id=5cc98319-9e81-14d5-51d6-add558d0f050 tf_rpc=GetProviderSchema @caller=github.com/hashicorp/terraform-plugin-framework@v0.16.0/internal/fwserver/server.go:154 timestamp=2023-10-18T18:49:00.000-0500
2023-10-18T18:49:00.000-0500 [DEBUG] provider.terraform-provider-null_v3.2.1_x5: Calling provider defined DataSource GetSchema: @module=sdk.framework tf_provider_addr=registry.terraform.io/hashicorp/null tf_rpc=GetProviderSchema @caller=github.com/hashicorp/terraform-plugin-framework@v0.16.0/internal/fwserver/server.go:233 tf_data_source_type=null_data_source tf_req_id=5cc98319-9e81-14d5-51d6-add558d0f050 timestamp=2023-10-18T18:49:00.000-0500
2023-10-18T18:49:00.000-0500 [DEBUG] provider.terraform-provider-null_v3.2.1_x5: Called provider defined DataSource GetSchema: @caller=github.com/hashicorp/terraform-plugin-framework@v0.16.0/internal/fwserver/server.go:235 @module=sdk.framework tf_req_id=5cc98319-9e81-14d5-51d6-add558d0f050 tf_rpc=GetProviderSchema tf_data_source_type=null_data_source tf_provider_addr=registry.terraform.io/hashicorp/null timestamp=2023-10-18T18:49:00.000-0500
2023-10-18T18:49:00.002-0500 [DEBUG] No provider meta schema returned
2023-10-18T18:49:00.002-0500 [DEBUG] provider.stdio: received EOF, stopping recv loop: err="rpc error: code = Unavailable desc = error reading from server: EOF"
2023-10-18T18:49:00.005-0500 [DEBUG] provider: plugin process exited: path=.terraform/providers/registry.terraform.io/hashicorp/null/3.2.1/linux_amd64/terraform-provider-null_v3.2.1_x5 pid=2678550
2023-10-18T18:49:00.005-0500 [DEBUG] provider: plugin exited
2023-10-18T18:49:00.006-0500 [DEBUG] Building and walking validate graph
2023-10-18T18:49:00.006-0500 [DEBUG] ProviderTransformer: "null_resource.kind_cluster" (*terraform.NodeValidatableResource) needs provider["registry.terraform.io/hashicorp/null"]
2023-10-18T18:49:00.006-0500 [DEBUG] ProviderTransformer: "null_resource.helm_repositories" (*terraform.NodeValidatableResource) needs provider["registry.terraform.io/hashicorp/null"]
2023-10-18T18:49:00.006-0500 [DEBUG] ProviderTransformer: "helm_release.magento" (*terraform.NodeValidatableResource) needs provider["registry.terraform.io/hashicorp/helm"]
2023-10-18T18:49:00.006-0500 [DEBUG] ReferenceTransformer: "null_resource.kind_cluster" references: []
2023-10-18T18:49:00.006-0500 [DEBUG] ReferenceTransformer: "null_resource.helm_repositories" references: [null_resource.kind_cluster]
2023-10-18T18:49:00.007-0500 [DEBUG] ReferenceTransformer: "helm_release.magento" references: [null_resource.helm_repositories null_resource.kind_cluster]
2023-10-18T18:49:00.007-0500 [DEBUG] ReferenceTransformer: "provider[\"registry.terraform.io/hashicorp/null\"]" references: []
2023-10-18T18:49:00.007-0500 [DEBUG] ReferenceTransformer: "provider[\"registry.terraform.io/hashicorp/helm\"]" references: []
2023-10-18T18:49:00.007-0500 [DEBUG] Starting graph walk: walkValidate
2023-10-18T18:49:00.008-0500 [DEBUG] created provider logger: level=debug
2023-10-18T18:49:00.008-0500 [INFO]  provider: configuring client automatic mTLS
2023-10-18T18:49:00.017-0500 [DEBUG] provider: starting plugin: path=.terraform/providers/registry.terraform.io/hashicorp/null/3.2.1/linux_amd64/terraform-provider-null_v3.2.1_x5 args=[".terraform/providers/registry.terraform.io/hashicorp/null/3.2.1/linux_amd64/terraform-provider-null_v3.2.1_x5"]
2023-10-18T18:49:00.023-0500 [DEBUG] provider: plugin started: path=.terraform/providers/registry.terraform.io/hashicorp/null/3.2.1/linux_amd64/terraform-provider-null_v3.2.1_x5 pid=2678559
2023-10-18T18:49:00.023-0500 [DEBUG] provider: waiting for RPC address: path=.terraform/providers/registry.terraform.io/hashicorp/null/3.2.1/linux_amd64/terraform-provider-null_v3.2.1_x5
2023-10-18T18:49:00.032-0500 [INFO]  provider.terraform-provider-null_v3.2.1_x5: configuring server automatic mTLS: timestamp=2023-10-18T18:49:00.032-0500
2023-10-18T18:49:00.059-0500 [DEBUG] provider.terraform-provider-null_v3.2.1_x5: plugin address: address=/tmp/plugin2386895773 network=unix timestamp=2023-10-18T18:49:00.059-0500
2023-10-18T18:49:00.059-0500 [DEBUG] provider: using plugin: version=5
2023-10-18T18:49:00.083-0500 [DEBUG] created provider logger: level=debug
2023-10-18T18:49:00.084-0500 [INFO]  provider: configuring client automatic mTLS
2023-10-18T18:49:00.085-0500 [DEBUG] provider.terraform-provider-null_v3.2.1_x5: Calling provider defined Provider Metadata: @module=sdk.framework tf_provider_addr=registry.terraform.io/hashicorp/null tf_req_id=198427f2-e4f0-6324-b91e-b025d52941e9 tf_rpc=GetProviderSchema @caller=github.com/hashicorp/terraform-plugin-framework@v0.16.0/internal/fwserver/server_getproviderschema.go:39 timestamp=2023-10-18T18:49:00.085-0500
2023-10-18T18:49:00.085-0500 [DEBUG] provider.terraform-provider-null_v3.2.1_x5: Called provider defined Provider Metadata: tf_provider_addr=registry.terraform.io/hashicorp/null tf_req_id=198427f2-e4f0-6324-b91e-b025d52941e9 tf_rpc=GetProviderSchema @caller=github.com/hashicorp/terraform-plugin-framework@v0.16.0/internal/fwserver/server_getproviderschema.go:41 @module=sdk.framework timestamp=2023-10-18T18:49:00.085-0500
2023-10-18T18:49:00.085-0500 [DEBUG] provider.terraform-provider-null_v3.2.1_x5: Calling provider defined Provider GetSchema: tf_provider_addr=registry.terraform.io/hashicorp/null tf_req_id=198427f2-e4f0-6324-b91e-b025d52941e9 tf_rpc=GetProviderSchema @caller=github.com/hashicorp/terraform-plugin-framework@v0.16.0/internal/fwserver/server.go:260 @module=sdk.framework timestamp=2023-10-18T18:49:00.085-0500
2023-10-18T18:49:00.085-0500 [DEBUG] provider.terraform-provider-null_v3.2.1_x5: Called provider defined Provider GetSchema: @module=sdk.framework tf_provider_addr=registry.terraform.io/hashicorp/null tf_req_id=198427f2-e4f0-6324-b91e-b025d52941e9 tf_rpc=GetProviderSchema @caller=github.com/hashicorp/terraform-plugin-framework@v0.16.0/internal/fwserver/server.go:262 timestamp=2023-10-18T18:49:00.085-0500
2023-10-18T18:49:00.085-0500 [DEBUG] provider.terraform-provider-null_v3.2.1_x5: Calling provider defined Provider Resources: tf_provider_addr=registry.terraform.io/hashicorp/null tf_req_id=198427f2-e4f0-6324-b91e-b025d52941e9 tf_rpc=GetProviderSchema @caller=github.com/hashicorp/terraform-plugin-framework@v0.16.0/internal/fwserver/server.go:330 @module=sdk.framework timestamp=2023-10-18T18:49:00.085-0500
2023-10-18T18:49:00.085-0500 [DEBUG] provider.terraform-provider-null_v3.2.1_x5: Called provider defined Provider Resources: tf_provider_addr=registry.terraform.io/hashicorp/null tf_req_id=198427f2-e4f0-6324-b91e-b025d52941e9 tf_rpc=GetProviderSchema @caller=github.com/hashicorp/terraform-plugin-framework@v0.16.0/internal/fwserver/server.go:332 @module=sdk.framework timestamp=2023-10-18T18:49:00.085-0500
2023-10-18T18:49:00.085-0500 [DEBUG] provider.terraform-provider-null_v3.2.1_x5: Calling provider defined Resource GetSchema: @caller=github.com/hashicorp/terraform-plugin-framework@v0.16.0/internal/fwserver/server.go:411 @module=sdk.framework tf_rpc=GetProviderSchema tf_provider_addr=registry.terraform.io/hashicorp/null tf_req_id=198427f2-e4f0-6324-b91e-b025d52941e9 tf_resource_type=null_resource timestamp=2023-10-18T18:49:00.085-0500
2023-10-18T18:49:00.085-0500 [DEBUG] provider.terraform-provider-null_v3.2.1_x5: Called provider defined Resource GetSchema: tf_rpc=GetProviderSchema @caller=github.com/hashicorp/terraform-plugin-framework@v0.16.0/internal/fwserver/server.go:413 @module=sdk.framework tf_provider_addr=registry.terraform.io/hashicorp/null tf_req_id=198427f2-e4f0-6324-b91e-b025d52941e9 tf_resource_type=null_resource timestamp=2023-10-18T18:49:00.085-0500
2023-10-18T18:49:00.085-0500 [DEBUG] provider.terraform-provider-null_v3.2.1_x5: Calling provider defined Provider DataSources: @caller=github.com/hashicorp/terraform-plugin-framework@v0.16.0/internal/fwserver/server.go:152 @module=sdk.framework tf_provider_addr=registry.terraform.io/hashicorp/null tf_req_id=198427f2-e4f0-6324-b91e-b025d52941e9 tf_rpc=GetProviderSchema timestamp=2023-10-18T18:49:00.085-0500
2023-10-18T18:49:00.085-0500 [DEBUG] provider.terraform-provider-null_v3.2.1_x5: Called provider defined Provider DataSources: tf_provider_addr=registry.terraform.io/hashicorp/null tf_req_id=198427f2-e4f0-6324-b91e-b025d52941e9 tf_rpc=GetProviderSchema @caller=github.com/hashicorp/terraform-plugin-framework@v0.16.0/internal/fwserver/server.go:154 @module=sdk.framework timestamp=2023-10-18T18:49:00.085-0500
2023-10-18T18:49:00.086-0500 [DEBUG] provider.terraform-provider-null_v3.2.1_x5: Calling provider defined DataSource GetSchema: @caller=github.com/hashicorp/terraform-plugin-framework@v0.16.0/internal/fwserver/server.go:233 tf_data_source_type=null_data_source tf_req_id=198427f2-e4f0-6324-b91e-b025d52941e9 @module=sdk.framework tf_provider_addr=registry.terraform.io/hashicorp/null tf_rpc=GetProviderSchema timestamp=2023-10-18T18:49:00.085-0500
2023-10-18T18:49:00.086-0500 [DEBUG] provider.terraform-provider-null_v3.2.1_x5: Called provider defined DataSource GetSchema: @module=sdk.framework tf_provider_addr=registry.terraform.io/hashicorp/null tf_req_id=198427f2-e4f0-6324-b91e-b025d52941e9 @caller=github.com/hashicorp/terraform-plugin-framework@v0.16.0/internal/fwserver/server.go:235 tf_data_source_type=null_data_source tf_rpc=GetProviderSchema timestamp=2023-10-18T18:49:00.085-0500
2023-10-18T18:49:00.087-0500 [DEBUG] No provider meta schema returned
2023-10-18T18:49:00.091-0500 [DEBUG] provider: starting plugin: path=.terraform/providers/registry.terraform.io/hashicorp/helm/2.11.0/linux_amd64/terraform-provider-helm_v2.11.0_x5 args=[".terraform/providers/registry.terraform.io/hashicorp/helm/2.11.0/linux_amd64/terraform-provider-helm_v2.11.0_x5"]
2023-10-18T18:49:00.096-0500 [DEBUG] provider: plugin started: path=.terraform/providers/registry.terraform.io/hashicorp/helm/2.11.0/linux_amd64/terraform-provider-helm_v2.11.0_x5 pid=2678569
2023-10-18T18:49:00.096-0500 [DEBUG] provider: waiting for RPC address: path=.terraform/providers/registry.terraform.io/hashicorp/helm/2.11.0/linux_amd64/terraform-provider-helm_v2.11.0_x5
2023-10-18T18:49:00.140-0500 [INFO]  provider.terraform-provider-helm_v2.11.0_x5: configuring server automatic mTLS: timestamp=2023-10-18T18:49:00.140-0500
2023-10-18T18:49:00.170-0500 [DEBUG] provider.terraform-provider-helm_v2.11.0_x5: plugin address: address=/tmp/plugin1860101204 network=unix timestamp=2023-10-18T18:49:00.170-0500
2023-10-18T18:49:00.170-0500 [DEBUG] provider: using plugin: version=5
2023-10-18T18:49:00.187-0500 [DEBUG] provider.terraform-provider-null_v3.2.1_x5: Calling provider defined Type Validate: tf_attribute_path=id tf_req_id=0c048b22-587e-a9a6-438e-efe2657ecb34 tf_resource_type=null_resource tf_rpc=ValidateResourceTypeConfig @module=sdk.framework tf_provider_addr=registry.terraform.io/hashicorp/null @caller=github.com/hashicorp/terraform-plugin-framework@v0.16.0/internal/fwschemadata/data_value.go:78 timestamp=2023-10-18T18:49:00.187-0500
2023-10-18T18:49:00.187-0500 [DEBUG] provider.terraform-provider-null_v3.2.1_x5: Called provider defined Type Validate: @module=sdk.framework tf_provider_addr=registry.terraform.io/hashicorp/null @caller=github.com/hashicorp/terraform-plugin-framework@v0.16.0/internal/fwschemadata/data_value.go:80 tf_req_id=0c048b22-587e-a9a6-438e-efe2657ecb34 tf_resource_type=null_resource tf_rpc=ValidateResourceTypeConfig tf_attribute_path=id timestamp=2023-10-18T18:49:00.187-0500
2023-10-18T18:49:00.187-0500 [DEBUG] provider.terraform-provider-null_v3.2.1_x5: Calling provider defined Type Validate: @module=sdk.framework tf_req_id=0c048b22-587e-a9a6-438e-efe2657ecb34 tf_resource_type=null_resource @caller=github.com/hashicorp/terraform-plugin-framework@v0.16.0/internal/fwschemadata/data_value.go:78 tf_attribute_path=triggers tf_provider_addr=registry.terraform.io/hashicorp/null tf_rpc=ValidateResourceTypeConfig timestamp=2023-10-18T18:49:00.187-0500
2023-10-18T18:49:00.187-0500 [DEBUG] provider.terraform-provider-null_v3.2.1_x5: Called provider defined Type Validate: tf_resource_type=null_resource tf_rpc=ValidateResourceTypeConfig @module=sdk.framework tf_provider_addr=registry.terraform.io/hashicorp/null tf_req_id=0c048b22-587e-a9a6-438e-efe2657ecb34 @caller=github.com/hashicorp/terraform-plugin-framework@v0.16.0/internal/fwschemadata/data_value.go:80 tf_attribute_path=triggers timestamp=2023-10-18T18:49:00.187-0500
2023-10-18T18:49:00.189-0500 [DEBUG] provider.terraform-provider-null_v3.2.1_x5: Calling provider defined Type Validate: @caller=github.com/hashicorp/terraform-plugin-framework@v0.16.0/internal/fwschemadata/data_value.go:78 @module=sdk.framework tf_rpc=ValidateResourceTypeConfig tf_attribute_path=triggers tf_provider_addr=registry.terraform.io/hashicorp/null tf_req_id=943e82f2-41e5-28a5-c4c2-28e72d8fb2fd tf_resource_type=null_resource timestamp=2023-10-18T18:49:00.189-0500
2023-10-18T18:49:00.189-0500 [DEBUG] provider.terraform-provider-null_v3.2.1_x5: Called provider defined Type Validate: tf_provider_addr=registry.terraform.io/hashicorp/null tf_req_id=943e82f2-41e5-28a5-c4c2-28e72d8fb2fd tf_rpc=ValidateResourceTypeConfig @caller=github.com/hashicorp/terraform-plugin-framework@v0.16.0/internal/fwschemadata/data_value.go:80 @module=sdk.framework tf_attribute_path=triggers tf_resource_type=null_resource timestamp=2023-10-18T18:49:00.189-0500
2023-10-18T18:49:00.189-0500 [DEBUG] provider.terraform-provider-null_v3.2.1_x5: Calling provider defined Type Validate: @module=sdk.framework tf_attribute_path=id tf_resource_type=null_resource tf_rpc=ValidateResourceTypeConfig tf_provider_addr=registry.terraform.io/hashicorp/null tf_req_id=943e82f2-41e5-28a5-c4c2-28e72d8fb2fd @caller=github.com/hashicorp/terraform-plugin-framework@v0.16.0/internal/fwschemadata/data_value.go:78 timestamp=2023-10-18T18:49:00.189-0500
2023-10-18T18:49:00.189-0500 [DEBUG] provider.terraform-provider-null_v3.2.1_x5: Called provider defined Type Validate: tf_resource_type=null_resource @module=sdk.framework tf_provider_addr=registry.terraform.io/hashicorp/null tf_req_id=943e82f2-41e5-28a5-c4c2-28e72d8fb2fd tf_rpc=ValidateResourceTypeConfig @caller=github.com/hashicorp/terraform-plugin-framework@v0.16.0/internal/fwschemadata/data_value.go:80 tf_attribute_path=id timestamp=2023-10-18T18:49:00.189-0500
2023-10-18T18:49:00.190-0500 [DEBUG] provider.stdio: received EOF, stopping recv loop: err="rpc error: code = Unavailable desc = error reading from server: EOF"
2023-10-18T18:49:00.192-0500 [DEBUG] provider: plugin process exited: path=.terraform/providers/registry.terraform.io/hashicorp/null/3.2.1/linux_amd64/terraform-provider-null_v3.2.1_x5 pid=2678559
2023-10-18T18:49:00.192-0500 [DEBUG] provider: plugin exited
2023-10-18T18:49:00.198-0500 [DEBUG] provider.stdio: received EOF, stopping recv loop: err="rpc error: code = Unavailable desc = error reading from server: EOF"
2023-10-18T18:49:00.204-0500 [DEBUG] provider: plugin process exited: path=.terraform/providers/registry.terraform.io/hashicorp/helm/2.11.0/linux_amd64/terraform-provider-helm_v2.11.0_x5 pid=2678569
2023-10-18T18:49:00.204-0500 [DEBUG] provider: plugin exited
2023-10-18T18:49:00.204-0500 [INFO]  backend/local: apply calling Plan
2023-10-18T18:49:00.204-0500 [DEBUG] Building and walking plan graph for NormalMode
2023-10-18T18:49:00.204-0500 [DEBUG] ProviderTransformer: "null_resource.kind_cluster (expand)" (*terraform.nodeExpandPlannableResource) needs provider["registry.terraform.io/hashicorp/null"]
2023-10-18T18:49:00.204-0500 [DEBUG] ProviderTransformer: "null_resource.helm_repositories (expand)" (*terraform.nodeExpandPlannableResource) needs provider["registry.terraform.io/hashicorp/null"]
2023-10-18T18:49:00.204-0500 [DEBUG] ProviderTransformer: "helm_release.magento (expand)" (*terraform.nodeExpandPlannableResource) needs provider["registry.terraform.io/hashicorp/helm"]
2023-10-18T18:49:00.205-0500 [DEBUG] ReferenceTransformer: "null_resource.kind_cluster (expand)" references: []
2023-10-18T18:49:00.205-0500 [DEBUG] ReferenceTransformer: "null_resource.helm_repositories (expand)" references: [null_resource.kind_cluster (expand)]
2023-10-18T18:49:00.205-0500 [DEBUG] ReferenceTransformer: "helm_release.magento (expand)" references: [null_resource.helm_repositories (expand) null_resource.kind_cluster (expand)]
2023-10-18T18:49:00.205-0500 [DEBUG] ReferenceTransformer: "provider[\"registry.terraform.io/hashicorp/null\"]" references: []
2023-10-18T18:49:00.205-0500 [DEBUG] ReferenceTransformer: "provider[\"registry.terraform.io/hashicorp/helm\"]" references: []
2023-10-18T18:49:00.206-0500 [DEBUG] Starting graph walk: walkPlan
2023-10-18T18:49:00.206-0500 [DEBUG] created provider logger: level=debug
2023-10-18T18:49:00.206-0500 [INFO]  provider: configuring client automatic mTLS
2023-10-18T18:49:00.213-0500 [DEBUG] provider: starting plugin: path=.terraform/providers/registry.terraform.io/hashicorp/null/3.2.1/linux_amd64/terraform-provider-null_v3.2.1_x5 args=[".terraform/providers/registry.terraform.io/hashicorp/null/3.2.1/linux_amd64/terraform-provider-null_v3.2.1_x5"]
2023-10-18T18:49:00.218-0500 [DEBUG] provider: plugin started: path=.terraform/providers/registry.terraform.io/hashicorp/null/3.2.1/linux_amd64/terraform-provider-null_v3.2.1_x5 pid=2678580
2023-10-18T18:49:00.218-0500 [DEBUG] provider: waiting for RPC address: path=.terraform/providers/registry.terraform.io/hashicorp/null/3.2.1/linux_amd64/terraform-provider-null_v3.2.1_x5
2023-10-18T18:49:00.228-0500 [INFO]  provider.terraform-provider-null_v3.2.1_x5: configuring server automatic mTLS: timestamp=2023-10-18T18:49:00.228-0500
2023-10-18T18:49:00.253-0500 [DEBUG] provider: using plugin: version=5
2023-10-18T18:49:00.253-0500 [DEBUG] provider.terraform-provider-null_v3.2.1_x5: plugin address: network=unix address=/tmp/plugin4044028743 timestamp=2023-10-18T18:49:00.253-0500
2023-10-18T18:49:00.280-0500 [DEBUG] created provider logger: level=debug
2023-10-18T18:49:00.280-0500 [INFO]  provider: configuring client automatic mTLS
2023-10-18T18:49:00.282-0500 [DEBUG] provider.terraform-provider-null_v3.2.1_x5: Calling provider defined Provider Metadata: @module=sdk.framework tf_provider_addr=registry.terraform.io/hashicorp/null tf_req_id=b3cf2e20-6a46-d110-df86-1fa300aab59f tf_rpc=GetProviderSchema @caller=github.com/hashicorp/terraform-plugin-framework@v0.16.0/internal/fwserver/server_getproviderschema.go:39 timestamp=2023-10-18T18:49:00.282-0500
2023-10-18T18:49:00.282-0500 [DEBUG] provider.terraform-provider-null_v3.2.1_x5: Called provider defined Provider Metadata: @module=sdk.framework tf_provider_addr=registry.terraform.io/hashicorp/null tf_req_id=b3cf2e20-6a46-d110-df86-1fa300aab59f tf_rpc=GetProviderSchema @caller=github.com/hashicorp/terraform-plugin-framework@v0.16.0/internal/fwserver/server_getproviderschema.go:41 timestamp=2023-10-18T18:49:00.282-0500
2023-10-18T18:49:00.282-0500 [DEBUG] provider.terraform-provider-null_v3.2.1_x5: Calling provider defined Provider GetSchema: @module=sdk.framework tf_provider_addr=registry.terraform.io/hashicorp/null tf_req_id=b3cf2e20-6a46-d110-df86-1fa300aab59f tf_rpc=GetProviderSchema @caller=github.com/hashicorp/terraform-plugin-framework@v0.16.0/internal/fwserver/server.go:260 timestamp=2023-10-18T18:49:00.282-0500
2023-10-18T18:49:00.282-0500 [DEBUG] provider.terraform-provider-null_v3.2.1_x5: Called provider defined Provider GetSchema: @module=sdk.framework tf_provider_addr=registry.terraform.io/hashicorp/null tf_req_id=b3cf2e20-6a46-d110-df86-1fa300aab59f tf_rpc=GetProviderSchema @caller=github.com/hashicorp/terraform-plugin-framework@v0.16.0/internal/fwserver/server.go:262 timestamp=2023-10-18T18:49:00.282-0500
2023-10-18T18:49:00.282-0500 [DEBUG] provider.terraform-provider-null_v3.2.1_x5: Calling provider defined Provider Resources: tf_provider_addr=registry.terraform.io/hashicorp/null tf_req_id=b3cf2e20-6a46-d110-df86-1fa300aab59f tf_rpc=GetProviderSchema @caller=github.com/hashicorp/terraform-plugin-framework@v0.16.0/internal/fwserver/server.go:330 @module=sdk.framework timestamp=2023-10-18T18:49:00.282-0500
2023-10-18T18:49:00.282-0500 [DEBUG] provider.terraform-provider-null_v3.2.1_x5: Called provider defined Provider Resources: tf_req_id=b3cf2e20-6a46-d110-df86-1fa300aab59f tf_rpc=GetProviderSchema @caller=github.com/hashicorp/terraform-plugin-framework@v0.16.0/internal/fwserver/server.go:332 @module=sdk.framework tf_provider_addr=registry.terraform.io/hashicorp/null timestamp=2023-10-18T18:49:00.282-0500
2023-10-18T18:49:00.282-0500 [DEBUG] provider.terraform-provider-null_v3.2.1_x5: Calling provider defined Resource GetSchema: tf_provider_addr=registry.terraform.io/hashicorp/null tf_resource_type=null_resource @caller=github.com/hashicorp/terraform-plugin-framework@v0.16.0/internal/fwserver/server.go:411 @module=sdk.framework tf_req_id=b3cf2e20-6a46-d110-df86-1fa300aab59f tf_rpc=GetProviderSchema timestamp=2023-10-18T18:49:00.282-0500
2023-10-18T18:49:00.282-0500 [DEBUG] provider.terraform-provider-null_v3.2.1_x5: Called provider defined Resource GetSchema: @module=sdk.framework tf_resource_type=null_resource tf_rpc=GetProviderSchema @caller=github.com/hashicorp/terraform-plugin-framework@v0.16.0/internal/fwserver/server.go:413 tf_provider_addr=registry.terraform.io/hashicorp/null tf_req_id=b3cf2e20-6a46-d110-df86-1fa300aab59f timestamp=2023-10-18T18:49:00.282-0500
2023-10-18T18:49:00.282-0500 [DEBUG] provider.terraform-provider-null_v3.2.1_x5: Calling provider defined Provider DataSources: @module=sdk.framework tf_provider_addr=registry.terraform.io/hashicorp/null tf_req_id=b3cf2e20-6a46-d110-df86-1fa300aab59f tf_rpc=GetProviderSchema @caller=github.com/hashicorp/terraform-plugin-framework@v0.16.0/internal/fwserver/server.go:152 timestamp=2023-10-18T18:49:00.282-0500
2023-10-18T18:49:00.282-0500 [DEBUG] provider.terraform-provider-null_v3.2.1_x5: Called provider defined Provider DataSources: tf_req_id=b3cf2e20-6a46-d110-df86-1fa300aab59f tf_rpc=GetProviderSchema @caller=github.com/hashicorp/terraform-plugin-framework@v0.16.0/internal/fwserver/server.go:154 @module=sdk.framework tf_provider_addr=registry.terraform.io/hashicorp/null timestamp=2023-10-18T18:49:00.282-0500
2023-10-18T18:49:00.282-0500 [DEBUG] provider.terraform-provider-null_v3.2.1_x5: Calling provider defined DataSource GetSchema: tf_provider_addr=registry.terraform.io/hashicorp/null tf_req_id=b3cf2e20-6a46-d110-df86-1fa300aab59f tf_rpc=GetProviderSchema @caller=github.com/hashicorp/terraform-plugin-framework@v0.16.0/internal/fwserver/server.go:233 @module=sdk.framework tf_data_source_type=null_data_source timestamp=2023-10-18T18:49:00.282-0500
2023-10-18T18:49:00.282-0500 [DEBUG] provider.terraform-provider-null_v3.2.1_x5: Called provider defined DataSource GetSchema: tf_data_source_type=null_data_source tf_provider_addr=registry.terraform.io/hashicorp/null tf_rpc=GetProviderSchema tf_req_id=b3cf2e20-6a46-d110-df86-1fa300aab59f @caller=github.com/hashicorp/terraform-plugin-framework@v0.16.0/internal/fwserver/server.go:235 @module=sdk.framework timestamp=2023-10-18T18:49:00.282-0500
2023-10-18T18:49:00.283-0500 [DEBUG] No provider meta schema returned
2023-10-18T18:49:00.287-0500 [DEBUG] provider: starting plugin: path=.terraform/providers/registry.terraform.io/hashicorp/helm/2.11.0/linux_amd64/terraform-provider-helm_v2.11.0_x5 args=[".terraform/providers/registry.terraform.io/hashicorp/helm/2.11.0/linux_amd64/terraform-provider-helm_v2.11.0_x5"]
2023-10-18T18:49:00.294-0500 [DEBUG] provider: plugin started: path=.terraform/providers/registry.terraform.io/hashicorp/helm/2.11.0/linux_amd64/terraform-provider-helm_v2.11.0_x5 pid=2678595
2023-10-18T18:49:00.294-0500 [DEBUG] provider: waiting for RPC address: path=.terraform/providers/registry.terraform.io/hashicorp/helm/2.11.0/linux_amd64/terraform-provider-helm_v2.11.0_x5
2023-10-18T18:49:00.354-0500 [INFO]  provider.terraform-provider-helm_v2.11.0_x5: configuring server automatic mTLS: timestamp=2023-10-18T18:49:00.354-0500
2023-10-18T18:49:00.384-0500 [DEBUG] provider.terraform-provider-helm_v2.11.0_x5: plugin address: address=/tmp/plugin3999447045 network=unix timestamp=2023-10-18T18:49:00.384-0500
2023-10-18T18:49:00.384-0500 [DEBUG] provider: using plugin: version=5
2023-10-18T18:49:00.401-0500 [DEBUG] provider.terraform-provider-null_v3.2.1_x5: Calling provider defined Provider Configure: @module=sdk.framework tf_provider_addr=registry.terraform.io/hashicorp/null tf_req_id=dd70130f-d5dc-7ac5-4d9d-6c3fa248d400 tf_rpc=Configure @caller=github.com/hashicorp/terraform-plugin-framework@v0.16.0/internal/fwserver/server_configureprovider.go:12 timestamp=2023-10-18T18:49:00.401-0500
2023-10-18T18:49:00.401-0500 [DEBUG] provider.terraform-provider-null_v3.2.1_x5: Called provider defined Provider Configure: tf_rpc=Configure @caller=github.com/hashicorp/terraform-plugin-framework@v0.16.0/internal/fwserver/server_configureprovider.go:20 @module=sdk.framework tf_provider_addr=registry.terraform.io/hashicorp/null tf_req_id=dd70130f-d5dc-7ac5-4d9d-6c3fa248d400 timestamp=2023-10-18T18:49:00.401-0500
2023-10-18T18:49:00.402-0500 [DEBUG] ReferenceTransformer: "null_resource.kind_cluster" references: []
2023-10-18T18:49:00.407-0500 [DEBUG] provider.terraform-provider-null_v3.2.1_x5: Calling provider defined Resource Read: @module=sdk.framework @caller=github.com/hashicorp/terraform-plugin-framework@v0.16.0/internal/fwserver/server_readresource.go:96 tf_provider_addr=registry.terraform.io/hashicorp/null tf_req_id=421385ea-d08d-241f-b26c-c6f9813d0fce tf_resource_type=null_resource tf_rpc=ReadResource timestamp=2023-10-18T18:49:00.407-0500
2023-10-18T18:49:00.407-0500 [DEBUG] provider.terraform-provider-null_v3.2.1_x5: Called provider defined Resource Read: tf_req_id=421385ea-d08d-241f-b26c-c6f9813d0fce tf_resource_type=null_resource tf_rpc=ReadResource tf_provider_addr=registry.terraform.io/hashicorp/null @caller=github.com/hashicorp/terraform-plugin-framework@v0.16.0/internal/fwserver/server_readresource.go:98 @module=sdk.framework timestamp=2023-10-18T18:49:00.407-0500
2023-10-18T18:49:00.408-0500 [DEBUG] provider.terraform-provider-null_v3.2.1_x5: Calling provider defined Type Validate: @caller=github.com/hashicorp/terraform-plugin-framework@v0.16.0/internal/fwschemadata/data_value.go:78 @module=sdk.framework tf_provider_addr=registry.terraform.io/hashicorp/null tf_rpc=ValidateResourceTypeConfig tf_attribute_path=triggers tf_req_id=9c08422d-7721-fced-c529-9fa3cec09d87 tf_resource_type=null_resource timestamp=2023-10-18T18:49:00.408-0500
2023-10-18T18:49:00.408-0500 [DEBUG] provider.terraform-provider-null_v3.2.1_x5: Called provider defined Type Validate: tf_attribute_path=triggers tf_provider_addr=registry.terraform.io/hashicorp/null tf_req_id=9c08422d-7721-fced-c529-9fa3cec09d87 tf_rpc=ValidateResourceTypeConfig @module=sdk.framework tf_resource_type=null_resource @caller=github.com/hashicorp/terraform-plugin-framework@v0.16.0/internal/fwschemadata/data_value.go:80 timestamp=2023-10-18T18:49:00.408-0500
2023-10-18T18:49:00.408-0500 [DEBUG] provider.terraform-provider-null_v3.2.1_x5: Calling provider defined Type Validate: tf_attribute_path=id tf_resource_type=null_resource @caller=github.com/hashicorp/terraform-plugin-framework@v0.16.0/internal/fwschemadata/data_value.go:78 tf_provider_addr=registry.terraform.io/hashicorp/null tf_req_id=9c08422d-7721-fced-c529-9fa3cec09d87 tf_rpc=ValidateResourceTypeConfig @module=sdk.framework timestamp=2023-10-18T18:49:00.408-0500
2023-10-18T18:49:00.408-0500 [DEBUG] provider.terraform-provider-null_v3.2.1_x5: Called provider defined Type Validate: @module=sdk.framework tf_req_id=9c08422d-7721-fced-c529-9fa3cec09d87 tf_rpc=ValidateResourceTypeConfig @caller=github.com/hashicorp/terraform-plugin-framework@v0.16.0/internal/fwschemadata/data_value.go:80 tf_attribute_path=id tf_provider_addr=registry.terraform.io/hashicorp/null tf_resource_type=null_resource timestamp=2023-10-18T18:49:00.408-0500
2023-10-18T18:49:00.409-0500 [DEBUG] provider.terraform-provider-null_v3.2.1_x5: marking computed attribute that is null in the config as unknown: @module=sdk.framework tf_req_id=57f15a90-03c8-5e6e-53da-d69add74fe88 tf_rpc=PlanResourceChange tf_resource_type=null_resource @caller=github.com/hashicorp/terraform-plugin-framework@v0.16.0/internal/fwserver/server_planresourcechange.go:304 tf_attribute_path="AttributeName(\"id\")" tf_provider_addr=registry.terraform.io/hashicorp/null timestamp=2023-10-18T18:49:00.409-0500
2023-10-18T18:49:00.409-0500 [DEBUG] provider.terraform-provider-null_v3.2.1_x5: Calling provider defined Type Validate: tf_req_id=57f15a90-03c8-5e6e-53da-d69add74fe88 @caller=github.com/hashicorp/terraform-plugin-framework@v0.16.0/internal/fwschemadata/data_value.go:78 @module=sdk.framework tf_attribute_path="" tf_provider_addr=registry.terraform.io/hashicorp/null tf_resource_type=null_resource tf_rpc=PlanResourceChange timestamp=2023-10-18T18:49:00.409-0500
2023-10-18T18:49:00.409-0500 [DEBUG] provider.terraform-provider-null_v3.2.1_x5: Called provider defined Type Validate: tf_provider_addr=registry.terraform.io/hashicorp/null tf_attribute_path="" tf_req_id=57f15a90-03c8-5e6e-53da-d69add74fe88 tf_resource_type=null_resource tf_rpc=PlanResourceChange @caller=github.com/hashicorp/terraform-plugin-framework@v0.16.0/internal/fwschemadata/data_value.go:80 @module=sdk.framework timestamp=2023-10-18T18:49:00.409-0500
2023-10-18T18:49:00.409-0500 [DEBUG] provider.terraform-provider-null_v3.2.1_x5: Calling provider defined Type Validate: tf_provider_addr=registry.terraform.io/hashicorp/null tf_rpc=PlanResourceChange @module=sdk.framework tf_attribute_path="" tf_req_id=57f15a90-03c8-5e6e-53da-d69add74fe88 tf_resource_type=null_resource @caller=github.com/hashicorp/terraform-plugin-framework@v0.16.0/internal/fwschemadata/data_value.go:78 timestamp=2023-10-18T18:49:00.409-0500
2023-10-18T18:49:00.409-0500 [DEBUG] provider.terraform-provider-null_v3.2.1_x5: Called provider defined Type Validate: tf_attribute_path="" tf_provider_addr=registry.terraform.io/hashicorp/null tf_resource_type=null_resource tf_rpc=PlanResourceChange @caller=github.com/hashicorp/terraform-plugin-framework@v0.16.0/internal/fwschemadata/data_value.go:80 @module=sdk.framework tf_req_id=57f15a90-03c8-5e6e-53da-d69add74fe88 timestamp=2023-10-18T18:49:00.409-0500
2023-10-18T18:49:00.410-0500 [DEBUG] provider.terraform-provider-null_v3.2.1_x5: Calling provider defined AttributePlanModifier: @module=sdk.framework description="If the value of this attribute changes, Terraform will destroy and recreate the resource." tf_attribute_path=triggers tf_req_id=57f15a90-03c8-5e6e-53da-d69add74fe88 tf_rpc=PlanResourceChange @caller=github.com/hashicorp/terraform-plugin-framework@v0.16.0/internal/fwserver/attribute_plan_modification.go:52 tf_provider_addr=registry.terraform.io/hashicorp/null tf_resource_type=null_resource timestamp=2023-10-18T18:49:00.409-0500
2023-10-18T18:49:00.410-0500 [DEBUG] provider.terraform-provider-null_v3.2.1_x5: Called provider defined AttributePlanModifier: description="If the value of this attribute changes, Terraform will destroy and recreate the resource." tf_attribute_path=triggers tf_provider_addr=registry.terraform.io/hashicorp/null @caller=github.com/hashicorp/terraform-plugin-framework@v0.16.0/internal/fwserver/attribute_plan_modification.go:60 @module=sdk.framework tf_req_id=57f15a90-03c8-5e6e-53da-d69add74fe88 tf_resource_type=null_resource tf_rpc=PlanResourceChange timestamp=2023-10-18T18:49:00.410-0500
2023-10-18T18:49:00.410-0500 [DEBUG] provider.terraform-provider-null_v3.2.1_x5: Calling provider defined Type Validate: tf_provider_addr=registry.terraform.io/hashicorp/null tf_req_id=57f15a90-03c8-5e6e-53da-d69add74fe88 tf_rpc=PlanResourceChange @caller=github.com/hashicorp/terraform-plugin-framework@v0.16.0/internal/fwschemadata/data_set_at_path.go:71 tf_resource_type=null_resource @module=sdk.framework tf_attribute_path=triggers timestamp=2023-10-18T18:49:00.410-0500
2023-10-18T18:49:00.410-0500 [DEBUG] provider.terraform-provider-null_v3.2.1_x5: Called provider defined Type Validate: tf_req_id=57f15a90-03c8-5e6e-53da-d69add74fe88 tf_rpc=PlanResourceChange @caller=github.com/hashicorp/terraform-plugin-framework@v0.16.0/internal/fwschemadata/data_set_at_path.go:73 @module=sdk.framework tf_attribute_path=triggers tf_provider_addr=registry.terraform.io/hashicorp/null tf_resource_type=null_resource timestamp=2023-10-18T18:49:00.410-0500
2023-10-18T18:49:00.410-0500 [DEBUG] provider.terraform-provider-null_v3.2.1_x5: Calling provider defined Type Validate: tf_req_id=57f15a90-03c8-5e6e-53da-d69add74fe88 tf_resource_type=null_resource tf_rpc=PlanResourceChange @caller=github.com/hashicorp/terraform-plugin-framework@v0.16.0/internal/fwschemadata/data_value.go:78 @module=sdk.framework tf_attribute_path=triggers tf_provider_addr=registry.terraform.io/hashicorp/null timestamp=2023-10-18T18:49:00.410-0500
2023-10-18T18:49:00.410-0500 [DEBUG] provider.terraform-provider-null_v3.2.1_x5: Called provider defined Type Validate: tf_attribute_path=triggers tf_rpc=PlanResourceChange tf_req_id=57f15a90-03c8-5e6e-53da-d69add74fe88 tf_resource_type=null_resource @caller=github.com/hashicorp/terraform-plugin-framework@v0.16.0/internal/fwschemadata/data_value.go:80 @module=sdk.framework tf_provider_addr=registry.terraform.io/hashicorp/null timestamp=2023-10-18T18:49:00.410-0500
2023-10-18T18:49:00.410-0500 [DEBUG] provider.terraform-provider-null_v3.2.1_x5: Calling provider defined Type Validate: tf_attribute_path=triggers tf_provider_addr=registry.terraform.io/hashicorp/null tf_req_id=57f15a90-03c8-5e6e-53da-d69add74fe88 tf_resource_type=null_resource @caller=github.com/hashicorp/terraform-plugin-framework@v0.16.0/internal/fwschemadata/data_value.go:78 @module=sdk.framework tf_rpc=PlanResourceChange timestamp=2023-10-18T18:49:00.410-0500
2023-10-18T18:49:00.410-0500 [DEBUG] provider.terraform-provider-null_v3.2.1_x5: Called provider defined Type Validate: @caller=github.com/hashicorp/terraform-plugin-framework@v0.16.0/internal/fwschemadata/data_value.go:80 @module=sdk.framework tf_attribute_path=triggers tf_provider_addr=registry.terraform.io/hashicorp/null tf_req_id=57f15a90-03c8-5e6e-53da-d69add74fe88 tf_resource_type=null_resource tf_rpc=PlanResourceChange timestamp=2023-10-18T18:49:00.410-0500
2023-10-18T18:49:00.411-0500 [DEBUG] provider.terraform-provider-null_v3.2.1_x5: Calling provider defined AttributePlanModifier: description="Once set, the value of this attribute in state will not change." tf_attribute_path=id tf_provider_addr=registry.terraform.io/hashicorp/null tf_req_id=57f15a90-03c8-5e6e-53da-d69add74fe88 @caller=github.com/hashicorp/terraform-plugin-framework@v0.16.0/internal/fwserver/attribute_plan_modification.go:52 @module=sdk.framework tf_resource_type=null_resource tf_rpc=PlanResourceChange timestamp=2023-10-18T18:49:00.410-0500
2023-10-18T18:49:00.412-0500 [DEBUG] provider.terraform-provider-null_v3.2.1_x5: Called provider defined AttributePlanModifier: description="Once set, the value of this attribute in state will not change." tf_attribute_path=id tf_provider_addr=registry.terraform.io/hashicorp/null tf_rpc=PlanResourceChange @module=sdk.framework tf_req_id=57f15a90-03c8-5e6e-53da-d69add74fe88 tf_resource_type=null_resource @caller=github.com/hashicorp/terraform-plugin-framework@v0.16.0/internal/fwserver/attribute_plan_modification.go:60 timestamp=2023-10-18T18:49:00.411-0500
2023-10-18T18:49:00.412-0500 [DEBUG] provider.terraform-provider-null_v3.2.1_x5: Calling provider defined Type Validate: @caller=github.com/hashicorp/terraform-plugin-framework@v0.16.0/internal/fwschemadata/data_set_at_path.go:71 tf_attribute_path=id tf_provider_addr=registry.terraform.io/hashicorp/null tf_req_id=57f15a90-03c8-5e6e-53da-d69add74fe88 tf_resource_type=null_resource tf_rpc=PlanResourceChange @module=sdk.framework timestamp=2023-10-18T18:49:00.412-0500
2023-10-18T18:49:00.412-0500 [DEBUG] provider.terraform-provider-null_v3.2.1_x5: Called provider defined Type Validate: tf_provider_addr=registry.terraform.io/hashicorp/null tf_req_id=57f15a90-03c8-5e6e-53da-d69add74fe88 tf_rpc=PlanResourceChange @caller=github.com/hashicorp/terraform-plugin-framework@v0.16.0/internal/fwschemadata/data_set_at_path.go:73 @module=sdk.framework tf_attribute_path=id tf_resource_type=null_resource timestamp=2023-10-18T18:49:00.412-0500
2023-10-18T18:49:00.413-0500 [DEBUG] Resource instance state not found for node "null_resource.helm_repositories", instance null_resource.helm_repositories
2023-10-18T18:49:00.413-0500 [DEBUG] ReferenceTransformer: "null_resource.helm_repositories" references: []
2023-10-18T18:49:00.413-0500 [DEBUG] refresh: null_resource.helm_repositories: no state, so not refreshing
2023-10-18T18:49:00.414-0500 [DEBUG] provider.terraform-provider-null_v3.2.1_x5: Calling provider defined Type Validate: @caller=github.com/hashicorp/terraform-plugin-framework@v0.16.0/internal/fwschemadata/data_value.go:78 tf_attribute_path=triggers tf_provider_addr=registry.terraform.io/hashicorp/null tf_req_id=b8cb1fef-3272-3734-10b6-d02e1bbb9933 tf_resource_type=null_resource tf_rpc=ValidateResourceTypeConfig @module=sdk.framework timestamp=2023-10-18T18:49:00.414-0500
2023-10-18T18:49:00.414-0500 [DEBUG] provider.terraform-provider-null_v3.2.1_x5: Called provider defined Type Validate: tf_attribute_path=triggers @module=sdk.framework tf_provider_addr=registry.terraform.io/hashicorp/null tf_req_id=b8cb1fef-3272-3734-10b6-d02e1bbb9933 tf_resource_type=null_resource tf_rpc=ValidateResourceTypeConfig @caller=github.com/hashicorp/terraform-plugin-framework@v0.16.0/internal/fwschemadata/data_value.go:80 timestamp=2023-10-18T18:49:00.414-0500
2023-10-18T18:49:00.414-0500 [WARN]  ValidateProviderConfig from "provider[\"registry.terraform.io/hashicorp/helm\"]" changed the config value, but that value is unused
2023-10-18T18:49:00.414-0500 [DEBUG] provider.terraform-provider-null_v3.2.1_x5: Calling provider defined Type Validate: @module=sdk.framework tf_attribute_path=id tf_req_id=b8cb1fef-3272-3734-10b6-d02e1bbb9933 tf_rpc=ValidateResourceTypeConfig @caller=github.com/hashicorp/terraform-plugin-framework@v0.16.0/internal/fwschemadata/data_value.go:78 tf_provider_addr=registry.terraform.io/hashicorp/null tf_resource_type=null_resource timestamp=2023-10-18T18:49:00.414-0500
2023-10-18T18:49:00.414-0500 [DEBUG] provider.terraform-provider-null_v3.2.1_x5: Called provider defined Type Validate: @module=sdk.framework tf_attribute_path=id tf_provider_addr=registry.terraform.io/hashicorp/null tf_req_id=b8cb1fef-3272-3734-10b6-d02e1bbb9933 tf_resource_type=null_resource tf_rpc=ValidateResourceTypeConfig @caller=github.com/hashicorp/terraform-plugin-framework@v0.16.0/internal/fwschemadata/data_value.go:80 timestamp=2023-10-18T18:49:00.414-0500
2023-10-18T18:49:00.415-0500 [DEBUG] provider.terraform-provider-null_v3.2.1_x5: marking computed attribute that is null in the config as unknown: tf_req_id=40a87204-13b6-468e-9c43-b84e4c983f32 tf_resource_type=null_resource @caller=github.com/hashicorp/terraform-plugin-framework@v0.16.0/internal/fwserver/server_planresourcechange.go:304 @module=sdk.framework tf_attribute_path="AttributeName(\"id\")" tf_rpc=PlanResourceChange tf_provider_addr=registry.terraform.io/hashicorp/null timestamp=2023-10-18T18:49:00.415-0500
2023-10-18T18:49:00.416-0500 [DEBUG] provider.terraform-provider-null_v3.2.1_x5: Calling provider defined Type Validate: @module=sdk.framework tf_attribute_path="" tf_resource_type=null_resource tf_rpc=PlanResourceChange @caller=github.com/hashicorp/terraform-plugin-framework@v0.16.0/internal/fwschemadata/data_value.go:78 tf_provider_addr=registry.terraform.io/hashicorp/null tf_req_id=40a87204-13b6-468e-9c43-b84e4c983f32 timestamp=2023-10-18T18:49:00.415-0500
2023-10-18T18:49:00.416-0500 [DEBUG] provider.terraform-provider-null_v3.2.1_x5: Called provider defined Type Validate: @module=sdk.framework tf_provider_addr=registry.terraform.io/hashicorp/null @caller=github.com/hashicorp/terraform-plugin-framework@v0.16.0/internal/fwschemadata/data_value.go:80 tf_attribute_path="" tf_req_id=40a87204-13b6-468e-9c43-b84e4c983f32 tf_resource_type=null_resource tf_rpc=PlanResourceChange timestamp=2023-10-18T18:49:00.416-0500
2023-10-18T18:49:00.416-0500 [DEBUG] provider.terraform-provider-null_v3.2.1_x5: Calling provider defined Type Validate: @module=sdk.framework tf_attribute_path="" tf_req_id=40a87204-13b6-468e-9c43-b84e4c983f32 tf_resource_type=null_resource tf_rpc=PlanResourceChange @caller=github.com/hashicorp/terraform-plugin-framework@v0.16.0/internal/fwschemadata/data_value.go:78 tf_provider_addr=registry.terraform.io/hashicorp/null timestamp=2023-10-18T18:49:00.416-0500
2023-10-18T18:49:00.416-0500 [DEBUG] provider.terraform-provider-null_v3.2.1_x5: Called provider defined Type Validate: @module=sdk.framework tf_rpc=PlanResourceChange @caller=github.com/hashicorp/terraform-plugin-framework@v0.16.0/internal/fwschemadata/data_value.go:80 tf_attribute_path="" tf_provider_addr=registry.terraform.io/hashicorp/null tf_req_id=40a87204-13b6-468e-9c43-b84e4c983f32 tf_resource_type=null_resource timestamp=2023-10-18T18:49:00.416-0500
2023-10-18T18:49:00.416-0500 [INFO]  provider.terraform-provider-helm_v2.11.0_x5: 2023/10/18 18:49:00 [DEBUG] Experiments enabled: []: timestamp=2023-10-18T18:49:00.415-0500
2023-10-18T18:49:00.416-0500 [DEBUG] provider.terraform-provider-null_v3.2.1_x5: Calling provider defined AttributePlanModifier: tf_req_id=40a87204-13b6-468e-9c43-b84e4c983f32 tf_resource_type=null_resource tf_rpc=PlanResourceChange @module=sdk.framework description="If the value of this attribute changes, Terraform will destroy and recreate the resource." tf_attribute_path=triggers tf_provider_addr=registry.terraform.io/hashicorp/null @caller=github.com/hashicorp/terraform-plugin-framework@v0.16.0/internal/fwserver/attribute_plan_modification.go:52 timestamp=2023-10-18T18:49:00.416-0500
2023-10-18T18:49:00.416-0500 [DEBUG] provider.terraform-provider-null_v3.2.1_x5: Called provider defined AttributePlanModifier: tf_attribute_path=triggers tf_resource_type=null_resource tf_rpc=PlanResourceChange description="If the value of this attribute changes, Terraform will destroy and recreate the resource." tf_provider_addr=registry.terraform.io/hashicorp/null tf_req_id=40a87204-13b6-468e-9c43-b84e4c983f32 @caller=github.com/hashicorp/terraform-plugin-framework@v0.16.0/internal/fwserver/attribute_plan_modification.go:60 @module=sdk.framework timestamp=2023-10-18T18:49:00.416-0500
2023-10-18T18:49:00.416-0500 [DEBUG] provider.terraform-provider-null_v3.2.1_x5: Calling provider defined Type Validate: tf_provider_addr=registry.terraform.io/hashicorp/null @caller=github.com/hashicorp/terraform-plugin-framework@v0.16.0/internal/fwschemadata/data_set_at_path.go:71 tf_req_id=40a87204-13b6-468e-9c43-b84e4c983f32 tf_resource_type=null_resource tf_rpc=PlanResourceChange @module=sdk.framework tf_attribute_path=triggers timestamp=2023-10-18T18:49:00.416-0500
2023-10-18T18:49:00.416-0500 [DEBUG] provider.terraform-provider-null_v3.2.1_x5: Called provider defined Type Validate: tf_attribute_path=triggers tf_resource_type=null_resource @caller=github.com/hashicorp/terraform-plugin-framework@v0.16.0/internal/fwschemadata/data_set_at_path.go:73 tf_provider_addr=registry.terraform.io/hashicorp/null tf_req_id=40a87204-13b6-468e-9c43-b84e4c983f32 tf_rpc=PlanResourceChange @module=sdk.framework timestamp=2023-10-18T18:49:00.416-0500
2023-10-18T18:49:00.416-0500 [DEBUG] provider.terraform-provider-null_v3.2.1_x5: Calling provider defined Type Validate: @caller=github.com/hashicorp/terraform-plugin-framework@v0.16.0/internal/fwschemadata/data_value.go:78 tf_attribute_path=triggers tf_provider_addr=registry.terraform.io/hashicorp/null tf_resource_type=null_resource @module=sdk.framework tf_req_id=40a87204-13b6-468e-9c43-b84e4c983f32 tf_rpc=PlanResourceChange timestamp=2023-10-18T18:49:00.416-0500
2023-10-18T18:49:00.417-0500 [DEBUG] provider.terraform-provider-null_v3.2.1_x5: Called provider defined Type Validate: tf_attribute_path=triggers tf_provider_addr=registry.terraform.io/hashicorp/null tf_resource_type=null_resource tf_rpc=PlanResourceChange @caller=github.com/hashicorp/terraform-plugin-framework@v0.16.0/internal/fwschemadata/data_value.go:80 @module=sdk.framework tf_req_id=40a87204-13b6-468e-9c43-b84e4c983f32 timestamp=2023-10-18T18:49:00.416-0500
2023-10-18T18:49:00.417-0500 [DEBUG] provider.terraform-provider-null_v3.2.1_x5: Calling provider defined Type Validate: tf_attribute_path=triggers tf_rpc=PlanResourceChange @caller=github.com/hashicorp/terraform-plugin-framework@v0.16.0/internal/fwschemadata/data_value.go:78 @module=sdk.framework tf_provider_addr=registry.terraform.io/hashicorp/null tf_req_id=40a87204-13b6-468e-9c43-b84e4c983f32 tf_resource_type=null_resource timestamp=2023-10-18T18:49:00.417-0500
2023-10-18T18:49:00.417-0500 [DEBUG] provider.terraform-provider-null_v3.2.1_x5: Called provider defined Type Validate: tf_attribute_path=triggers tf_req_id=40a87204-13b6-468e-9c43-b84e4c983f32 tf_resource_type=null_resource tf_rpc=PlanResourceChange @caller=github.com/hashicorp/terraform-plugin-framework@v0.16.0/internal/fwschemadata/data_value.go:80 @module=sdk.framework tf_provider_addr=registry.terraform.io/hashicorp/null timestamp=2023-10-18T18:49:00.417-0500
2023-10-18T18:49:00.417-0500 [DEBUG] provider.terraform-provider-null_v3.2.1_x5: Calling provider defined AttributePlanModifier: tf_attribute_path=id tf_resource_type=null_resource tf_rpc=PlanResourceChange @caller=github.com/hashicorp/terraform-plugin-framework@v0.16.0/internal/fwserver/attribute_plan_modification.go:52 @module=sdk.framework description="Once set, the value of this attribute in state will not change." tf_provider_addr=registry.terraform.io/hashicorp/null tf_req_id=40a87204-13b6-468e-9c43-b84e4c983f32 timestamp=2023-10-18T18:49:00.417-0500
2023-10-18T18:49:00.417-0500 [DEBUG] provider.terraform-provider-null_v3.2.1_x5: Called provider defined AttributePlanModifier: @module=sdk.framework description="Once set, the value of this attribute in state will not change." tf_attribute_path=id tf_provider_addr=registry.terraform.io/hashicorp/null tf_req_id=40a87204-13b6-468e-9c43-b84e4c983f32 @caller=github.com/hashicorp/terraform-plugin-framework@v0.16.0/internal/fwserver/attribute_plan_modification.go:60 tf_resource_type=null_resource tf_rpc=PlanResourceChange timestamp=2023-10-18T18:49:00.417-0500
2023-10-18T18:49:00.417-0500 [DEBUG] provider.terraform-provider-null_v3.2.1_x5: Calling provider defined Type Validate: @module=sdk.framework tf_attribute_path=id tf_provider_addr=registry.terraform.io/hashicorp/null tf_req_id=40a87204-13b6-468e-9c43-b84e4c983f32 tf_resource_type=null_resource tf_rpc=PlanResourceChange @caller=github.com/hashicorp/terraform-plugin-framework@v0.16.0/internal/fwschemadata/data_set_at_path.go:71 timestamp=2023-10-18T18:49:00.417-0500
2023-10-18T18:49:00.417-0500 [DEBUG] provider.terraform-provider-null_v3.2.1_x5: Called provider defined Type Validate: @caller=github.com/hashicorp/terraform-plugin-framework@v0.16.0/internal/fwschemadata/data_set_at_path.go:73 tf_attribute_path=id tf_req_id=40a87204-13b6-468e-9c43-b84e4c983f32 tf_resource_type=null_resource @module=sdk.framework tf_provider_addr=registry.terraform.io/hashicorp/null tf_rpc=PlanResourceChange timestamp=2023-10-18T18:49:00.417-0500
2023-10-18T18:49:00.418-0500 [DEBUG] Resource instance state not found for node "helm_release.magento", instance helm_release.magento
2023-10-18T18:49:00.418-0500 [DEBUG] ReferenceTransformer: "helm_release.magento" references: []
2023-10-18T18:49:00.418-0500 [DEBUG] provider.stdio: received EOF, stopping recv loop: err="rpc error: code = Unavailable desc = error reading from server: EOF"
2023-10-18T18:49:00.421-0500 [DEBUG] provider: plugin process exited: path=.terraform/providers/registry.terraform.io/hashicorp/null/3.2.1/linux_amd64/terraform-provider-null_v3.2.1_x5 pid=2678580
2023-10-18T18:49:00.421-0500 [DEBUG] provider: plugin exited
2023-10-18T18:49:00.421-0500 [DEBUG] refresh: helm_release.magento: no state, so not refreshing
2023-10-18T18:49:00.429-0500 [INFO]  provider.terraform-provider-helm_v2.11.0_x5: 2023/10/18 18:49:00 [DEBUG] [resourceDiff: bitnami/magento] Start: timestamp=2023-10-18T18:49:00.429-0500
2023-10-18T18:49:00.429-0500 [INFO]  provider.terraform-provider-helm_v2.11.0_x5: 2023/10/18 18:49:00 [DEBUG] [INFO] GetHelmConfiguration start: timestamp=2023-10-18T18:49:00.429-0500
2023-10-18T18:49:00.429-0500 [INFO]  provider.terraform-provider-helm_v2.11.0_x5: 2023/10/18 18:49:00 [DEBUG] Using kubeconfig: /home/roman.nelson/.kube/config: timestamp=2023-10-18T18:49:00.429-0500
2023-10-18T18:49:00.430-0500 [INFO]  provider.terraform-provider-helm_v2.11.0_x5: 2023/10/18 18:49:00 [INFO] Successfully initialized kubernetes config: timestamp=2023-10-18T18:49:00.430-0500
2023-10-18T18:49:00.430-0500 [INFO]  provider.terraform-provider-helm_v2.11.0_x5: 2023/10/18 18:49:00 [DEBUG] [INFO] GetHelmConfiguration success: timestamp=2023-10-18T18:49:00.430-0500
2023-10-18T18:49:04.330-0500 [WARN]  Provider "registry.terraform.io/hashicorp/helm" produced an invalid plan for helm_release.magento, but we are tolerating it because it is using the legacy plugin SDK.
    The following problems may be the cause of any confusing errors from downstream operations:
      - .dependency_update: planned value cty.False for a non-computed attribute
      - .wait: planned value cty.True for a non-computed attribute
      - .pass_credentials: planned value cty.False for a non-computed attribute
      - .atomic: planned value cty.False for a non-computed attribute
      - .lint: planned value cty.False for a non-computed attribute
      - .reset_values: planned value cty.False for a non-computed attribute
      - .reuse_values: planned value cty.False for a non-computed attribute
      - .wait_for_jobs: planned value cty.False for a non-computed attribute
      - .recreate_pods: planned value cty.False for a non-computed attribute
      - .cleanup_on_fail: planned value cty.False for a non-computed attribute
      - .disable_crd_hooks: planned value cty.False for a non-computed attribute
      - .disable_openapi_validation: planned value cty.False for a non-computed attribute
      - .timeout: planned value cty.NumberIntVal(300) for a non-computed attribute
      - .max_history: planned value cty.NumberIntVal(0) for a non-computed attribute
      - .render_subchart_notes: planned value cty.True for a non-computed attribute
      - .replace: planned value cty.False for a non-computed attribute
      - .skip_crds: planned value cty.False for a non-computed attribute
      - .create_namespace: planned value cty.False for a non-computed attribute
      - .disable_webhooks: planned value cty.False for a non-computed attribute
      - .force_update: planned value cty.False for a non-computed attribute
      - .verify: planned value cty.False for a non-computed attribute
2023-10-18T18:49:04.332-0500 [DEBUG] provider.stdio: received EOF, stopping recv loop: err="rpc error: code = Unavailable desc = error reading from server: EOF"
2023-10-18T18:49:04.360-0500 [DEBUG] provider: plugin process exited: path=.terraform/providers/registry.terraform.io/hashicorp/helm/2.11.0/linux_amd64/terraform-provider-helm_v2.11.0_x5 pid=2678595
2023-10-18T18:49:04.360-0500 [DEBUG] provider: plugin exited
2023-10-18T18:49:04.360-0500 [DEBUG] building apply graph to check for errors
2023-10-18T18:49:04.360-0500 [DEBUG] Resource state not found for node "null_resource.helm_repositories", instance null_resource.helm_repositories
2023-10-18T18:49:04.360-0500 [DEBUG] Resource state not found for node "helm_release.magento", instance helm_release.magento
2023-10-18T18:49:04.361-0500 [DEBUG] ProviderTransformer: "null_resource.helm_repositories (expand)" (*terraform.nodeExpandApplyableResource) needs provider["registry.terraform.io/hashicorp/null"]
2023-10-18T18:49:04.361-0500 [DEBUG] ProviderTransformer: "null_resource.kind_cluster (expand)" (*terraform.nodeExpandApplyableResource) needs provider["registry.terraform.io/hashicorp/null"]
2023-10-18T18:49:04.361-0500 [DEBUG] ProviderTransformer: "null_resource.kind_cluster (destroy)" (*terraform.NodeDestroyResourceInstance) needs provider["registry.terraform.io/hashicorp/null"]
2023-10-18T18:49:04.361-0500 [DEBUG] ProviderTransformer: "helm_release.magento (expand)" (*terraform.nodeExpandApplyableResource) needs provider["registry.terraform.io/hashicorp/helm"]
2023-10-18T18:49:04.361-0500 [DEBUG] ProviderTransformer: "null_resource.kind_cluster" (*terraform.NodeApplyableResourceInstance) needs provider["registry.terraform.io/hashicorp/null"]
2023-10-18T18:49:04.361-0500 [DEBUG] ProviderTransformer: "null_resource.helm_repositories" (*terraform.NodeApplyableResourceInstance) needs provider["registry.terraform.io/hashicorp/null"]
2023-10-18T18:49:04.361-0500 [DEBUG] ProviderTransformer: "helm_release.magento" (*terraform.NodeApplyableResourceInstance) needs provider["registry.terraform.io/hashicorp/helm"]
2023-10-18T18:49:04.361-0500 [DEBUG] ReferenceTransformer: "null_resource.helm_repositories" references: [null_resource.kind_cluster null_resource.kind_cluster null_resource.kind_cluster (expand) null_resource.kind_cluster (destroy) null_resource.kind_cluster (destroy)]
2023-10-18T18:49:04.361-0500 [DEBUG] ReferenceTransformer: "helm_release.magento" references: [null_resource.helm_repositories null_resource.helm_repositories null_resource.helm_repositories (expand) null_resource.kind_cluster null_resource.kind_cluster null_resource.kind_cluster (expand) null_resource.kind_cluster (destroy) null_resource.kind_cluster (destroy)]
2023-10-18T18:49:04.361-0500 [DEBUG] ReferenceTransformer: "provider[\"registry.terraform.io/hashicorp/null\"]" references: []
2023-10-18T18:49:04.361-0500 [DEBUG] ReferenceTransformer: "helm_release.magento (expand)" references: [null_resource.helm_repositories null_resource.helm_repositories null_resource.helm_repositories (expand) null_resource.kind_cluster null_resource.kind_cluster null_resource.kind_cluster (expand)]
2023-10-18T18:49:04.362-0500 [DEBUG] ReferenceTransformer: "null_resource.kind_cluster" references: []
2023-10-18T18:49:04.362-0500 [DEBUG] ReferenceTransformer: "provider[\"registry.terraform.io/hashicorp/helm\"]" references: []
2023-10-18T18:49:04.362-0500 [DEBUG] ReferenceTransformer: "null_resource.helm_repositories (expand)" references: [null_resource.kind_cluster null_resource.kind_cluster null_resource.kind_cluster (expand)]
2023-10-18T18:49:04.362-0500 [DEBUG] ReferenceTransformer: "null_resource.kind_cluster (expand)" references: []
2023-10-18T18:49:04.372-0500 [DEBUG] command: asking for input: "\nDo you want to perform these actions?"
2023-10-18T18:49:20.210-0500 [INFO]  backend/local: apply calling Apply
2023-10-18T18:49:20.210-0500 [DEBUG] Building and walking apply graph for NormalMode plan
2023-10-18T18:49:20.211-0500 [DEBUG] Resource state not found for node "null_resource.helm_repositories", instance null_resource.helm_repositories
2023-10-18T18:49:20.211-0500 [DEBUG] Resource state not found for node "helm_release.magento", instance helm_release.magento
2023-10-18T18:49:20.211-0500 [DEBUG] ProviderTransformer: "null_resource.helm_repositories (expand)" (*terraform.nodeExpandApplyableResource) needs provider["registry.terraform.io/hashicorp/null"]
2023-10-18T18:49:20.211-0500 [DEBUG] ProviderTransformer: "null_resource.kind_cluster" (*terraform.NodeApplyableResourceInstance) needs provider["registry.terraform.io/hashicorp/null"]
2023-10-18T18:49:20.211-0500 [DEBUG] ProviderTransformer: "null_resource.kind_cluster (destroy)" (*terraform.NodeDestroyResourceInstance) needs provider["registry.terraform.io/hashicorp/null"]
2023-10-18T18:49:20.211-0500 [DEBUG] ProviderTransformer: "helm_release.magento (expand)" (*terraform.nodeExpandApplyableResource) needs provider["registry.terraform.io/hashicorp/helm"]
2023-10-18T18:49:20.211-0500 [DEBUG] ProviderTransformer: "null_resource.helm_repositories" (*terraform.NodeApplyableResourceInstance) needs provider["registry.terraform.io/hashicorp/null"]
2023-10-18T18:49:20.211-0500 [DEBUG] ProviderTransformer: "helm_release.magento" (*terraform.NodeApplyableResourceInstance) needs provider["registry.terraform.io/hashicorp/helm"]
2023-10-18T18:49:20.211-0500 [DEBUG] ProviderTransformer: "null_resource.kind_cluster (expand)" (*terraform.nodeExpandApplyableResource) needs provider["registry.terraform.io/hashicorp/null"]
2023-10-18T18:49:20.212-0500 [DEBUG] ReferenceTransformer: "helm_release.magento (expand)" references: [null_resource.helm_repositories (expand) null_resource.helm_repositories null_resource.helm_repositories null_resource.kind_cluster null_resource.kind_cluster null_resource.kind_cluster (expand)]
2023-10-18T18:49:20.212-0500 [DEBUG] ReferenceTransformer: "null_resource.helm_repositories (expand)" references: [null_resource.kind_cluster null_resource.kind_cluster null_resource.kind_cluster (expand)]
2023-10-18T18:49:20.212-0500 [DEBUG] ReferenceTransformer: "null_resource.kind_cluster" references: []
2023-10-18T18:49:20.212-0500 [DEBUG] ReferenceTransformer: "provider[\"registry.terraform.io/hashicorp/helm\"]" references: []
2023-10-18T18:49:20.212-0500 [DEBUG] ReferenceTransformer: "null_resource.kind_cluster (expand)" references: []
2023-10-18T18:49:20.212-0500 [DEBUG] ReferenceTransformer: "null_resource.helm_repositories" references: [null_resource.kind_cluster null_resource.kind_cluster null_resource.kind_cluster (expand) null_resource.kind_cluster (destroy) null_resource.kind_cluster (destroy)]
2023-10-18T18:49:20.212-0500 [DEBUG] ReferenceTransformer: "helm_release.magento" references: [null_resource.helm_repositories (expand) null_resource.helm_repositories null_resource.helm_repositories null_resource.kind_cluster null_resource.kind_cluster null_resource.kind_cluster (expand) null_resource.kind_cluster (destroy) null_resource.kind_cluster (destroy)]
2023-10-18T18:49:20.212-0500 [DEBUG] ReferenceTransformer: "provider[\"registry.terraform.io/hashicorp/null\"]" references: []
2023-10-18T18:49:20.213-0500 [DEBUG] Starting graph walk: walkApply
2023-10-18T18:49:20.214-0500 [DEBUG] created provider logger: level=debug
2023-10-18T18:49:20.214-0500 [INFO]  provider: configuring client automatic mTLS
2023-10-18T18:49:20.221-0500 [DEBUG] provider: starting plugin: path=.terraform/providers/registry.terraform.io/hashicorp/helm/2.11.0/linux_amd64/terraform-provider-helm_v2.11.0_x5 args=[".terraform/providers/registry.terraform.io/hashicorp/helm/2.11.0/linux_amd64/terraform-provider-helm_v2.11.0_x5"]
2023-10-18T18:49:20.226-0500 [DEBUG] provider: plugin started: path=.terraform/providers/registry.terraform.io/hashicorp/helm/2.11.0/linux_amd64/terraform-provider-helm_v2.11.0_x5 pid=2679444
2023-10-18T18:49:20.226-0500 [DEBUG] provider: waiting for RPC address: path=.terraform/providers/registry.terraform.io/hashicorp/helm/2.11.0/linux_amd64/terraform-provider-helm_v2.11.0_x5
2023-10-18T18:49:20.284-0500 [INFO]  provider.terraform-provider-helm_v2.11.0_x5: configuring server automatic mTLS: timestamp=2023-10-18T18:49:20.284-0500
2023-10-18T18:49:20.315-0500 [DEBUG] provider: using plugin: version=5
2023-10-18T18:49:20.315-0500 [DEBUG] provider.terraform-provider-helm_v2.11.0_x5: plugin address: address=/tmp/plugin2587658956 network=unix timestamp=2023-10-18T18:49:20.315-0500
2023-10-18T18:49:20.332-0500 [DEBUG] created provider logger: level=debug
2023-10-18T18:49:20.332-0500 [INFO]  provider: configuring client automatic mTLS
2023-10-18T18:49:20.340-0500 [DEBUG] provider: starting plugin: path=.terraform/providers/registry.terraform.io/hashicorp/null/3.2.1/linux_amd64/terraform-provider-null_v3.2.1_x5 args=[".terraform/providers/registry.terraform.io/hashicorp/null/3.2.1/linux_amd64/terraform-provider-null_v3.2.1_x5"]
2023-10-18T18:49:20.359-0500 [DEBUG] provider: plugin started: path=.terraform/providers/registry.terraform.io/hashicorp/null/3.2.1/linux_amd64/terraform-provider-null_v3.2.1_x5 pid=2679470
2023-10-18T18:49:20.359-0500 [DEBUG] provider: waiting for RPC address: path=.terraform/providers/registry.terraform.io/hashicorp/null/3.2.1/linux_amd64/terraform-provider-null_v3.2.1_x5
2023-10-18T18:49:20.368-0500 [INFO]  provider.terraform-provider-null_v3.2.1_x5: configuring server automatic mTLS: timestamp=2023-10-18T18:49:20.368-0500
2023-10-18T18:49:20.398-0500 [DEBUG] provider.terraform-provider-null_v3.2.1_x5: plugin address: network=unix address=/tmp/plugin3661674099 timestamp=2023-10-18T18:49:20.398-0500
2023-10-18T18:49:20.398-0500 [DEBUG] provider: using plugin: version=5
2023-10-18T18:49:20.426-0500 [DEBUG] provider.terraform-provider-null_v3.2.1_x5: Calling provider defined Provider Metadata: tf_rpc=GetProviderSchema @caller=github.com/hashicorp/terraform-plugin-framework@v0.16.0/internal/fwserver/server_getproviderschema.go:39 @module=sdk.framework tf_provider_addr=registry.terraform.io/hashicorp/null tf_req_id=c104f046-a4bf-92de-bc4e-8bcb4b4b0cfa timestamp=2023-10-18T18:49:20.426-0500
2023-10-18T18:49:20.426-0500 [DEBUG] provider.terraform-provider-null_v3.2.1_x5: Called provider defined Provider Metadata: tf_req_id=c104f046-a4bf-92de-bc4e-8bcb4b4b0cfa tf_rpc=GetProviderSchema @caller=github.com/hashicorp/terraform-plugin-framework@v0.16.0/internal/fwserver/server_getproviderschema.go:41 @module=sdk.framework tf_provider_addr=registry.terraform.io/hashicorp/null timestamp=2023-10-18T18:49:20.426-0500
2023-10-18T18:49:20.427-0500 [DEBUG] provider.terraform-provider-null_v3.2.1_x5: Calling provider defined Provider GetSchema: tf_rpc=GetProviderSchema @caller=github.com/hashicorp/terraform-plugin-framework@v0.16.0/internal/fwserver/server.go:260 @module=sdk.framework tf_provider_addr=registry.terraform.io/hashicorp/null tf_req_id=c104f046-a4bf-92de-bc4e-8bcb4b4b0cfa timestamp=2023-10-18T18:49:20.426-0500
2023-10-18T18:49:20.427-0500 [DEBUG] provider.terraform-provider-null_v3.2.1_x5: Called provider defined Provider GetSchema: @module=sdk.framework tf_provider_addr=registry.terraform.io/hashicorp/null tf_req_id=c104f046-a4bf-92de-bc4e-8bcb4b4b0cfa tf_rpc=GetProviderSchema @caller=github.com/hashicorp/terraform-plugin-framework@v0.16.0/internal/fwserver/server.go:262 timestamp=2023-10-18T18:49:20.426-0500
2023-10-18T18:49:20.427-0500 [DEBUG] provider.terraform-provider-null_v3.2.1_x5: Calling provider defined Provider Resources: @caller=github.com/hashicorp/terraform-plugin-framework@v0.16.0/internal/fwserver/server.go:330 @module=sdk.framework tf_provider_addr=registry.terraform.io/hashicorp/null tf_req_id=c104f046-a4bf-92de-bc4e-8bcb4b4b0cfa tf_rpc=GetProviderSchema timestamp=2023-10-18T18:49:20.427-0500
2023-10-18T18:49:20.427-0500 [DEBUG] provider.terraform-provider-null_v3.2.1_x5: Called provider defined Provider Resources: @module=sdk.framework tf_provider_addr=registry.terraform.io/hashicorp/null tf_req_id=c104f046-a4bf-92de-bc4e-8bcb4b4b0cfa tf_rpc=GetProviderSchema @caller=github.com/hashicorp/terraform-plugin-framework@v0.16.0/internal/fwserver/server.go:332 timestamp=2023-10-18T18:49:20.427-0500
2023-10-18T18:49:20.427-0500 [DEBUG] provider.terraform-provider-null_v3.2.1_x5: Calling provider defined Resource GetSchema: tf_provider_addr=registry.terraform.io/hashicorp/null tf_req_id=c104f046-a4bf-92de-bc4e-8bcb4b4b0cfa @caller=github.com/hashicorp/terraform-plugin-framework@v0.16.0/internal/fwserver/server.go:411 @module=sdk.framework tf_rpc=GetProviderSchema tf_resource_type=null_resource timestamp=2023-10-18T18:49:20.427-0500
2023-10-18T18:49:20.427-0500 [DEBUG] provider.terraform-provider-null_v3.2.1_x5: Called provider defined Resource GetSchema: tf_rpc=GetProviderSchema @module=sdk.framework tf_provider_addr=registry.terraform.io/hashicorp/null tf_req_id=c104f046-a4bf-92de-bc4e-8bcb4b4b0cfa tf_resource_type=null_resource @caller=github.com/hashicorp/terraform-plugin-framework@v0.16.0/internal/fwserver/server.go:413 timestamp=2023-10-18T18:49:20.427-0500
2023-10-18T18:49:20.427-0500 [DEBUG] provider.terraform-provider-null_v3.2.1_x5: Calling provider defined Provider DataSources: tf_provider_addr=registry.terraform.io/hashicorp/null tf_req_id=c104f046-a4bf-92de-bc4e-8bcb4b4b0cfa tf_rpc=GetProviderSchema @caller=github.com/hashicorp/terraform-plugin-framework@v0.16.0/internal/fwserver/server.go:152 @module=sdk.framework timestamp=2023-10-18T18:49:20.427-0500
2023-10-18T18:49:20.427-0500 [DEBUG] provider.terraform-provider-null_v3.2.1_x5: Called provider defined Provider DataSources: @caller=github.com/hashicorp/terraform-plugin-framework@v0.16.0/internal/fwserver/server.go:154 @module=sdk.framework tf_provider_addr=registry.terraform.io/hashicorp/null tf_req_id=c104f046-a4bf-92de-bc4e-8bcb4b4b0cfa tf_rpc=GetProviderSchema timestamp=2023-10-18T18:49:20.427-0500
2023-10-18T18:49:20.427-0500 [DEBUG] provider.terraform-provider-null_v3.2.1_x5: Calling provider defined DataSource GetSchema: tf_data_source_type=null_data_source tf_req_id=c104f046-a4bf-92de-bc4e-8bcb4b4b0cfa tf_rpc=GetProviderSchema @caller=github.com/hashicorp/terraform-plugin-framework@v0.16.0/internal/fwserver/server.go:233 @module=sdk.framework tf_provider_addr=registry.terraform.io/hashicorp/null timestamp=2023-10-18T18:49:20.427-0500
2023-10-18T18:49:20.427-0500 [DEBUG] provider.terraform-provider-null_v3.2.1_x5: Called provider defined DataSource GetSchema: @caller=github.com/hashicorp/terraform-plugin-framework@v0.16.0/internal/fwserver/server.go:235 @module=sdk.framework tf_provider_addr=registry.terraform.io/hashicorp/null tf_req_id=c104f046-a4bf-92de-bc4e-8bcb4b4b0cfa tf_data_source_type=null_data_source tf_rpc=GetProviderSchema timestamp=2023-10-18T18:49:20.427-0500
2023-10-18T18:49:20.427-0500 [WARN]  ValidateProviderConfig from "provider[\"registry.terraform.io/hashicorp/helm\"]" changed the config value, but that value is unused
2023-10-18T18:49:20.428-0500 [DEBUG] No provider meta schema returned
2023-10-18T18:49:20.430-0500 [INFO]  provider.terraform-provider-helm_v2.11.0_x5: 2023/10/18 18:49:20 [DEBUG] Experiments enabled: []: timestamp=2023-10-18T18:49:20.429-0500
2023-10-18T18:49:20.431-0500 [DEBUG] provider.terraform-provider-null_v3.2.1_x5: Calling provider defined Provider Configure: @module=sdk.framework tf_provider_addr=registry.terraform.io/hashicorp/null tf_req_id=3bea6529-aa92-6443-ba07-1d41cb343ce8 tf_rpc=Configure @caller=github.com/hashicorp/terraform-plugin-framework@v0.16.0/internal/fwserver/server_configureprovider.go:12 timestamp=2023-10-18T18:49:20.431-0500
2023-10-18T18:49:20.431-0500 [DEBUG] provider.terraform-provider-null_v3.2.1_x5: Called provider defined Provider Configure: @module=sdk.framework tf_provider_addr=registry.terraform.io/hashicorp/null tf_req_id=3bea6529-aa92-6443-ba07-1d41cb343ce8 tf_rpc=Configure @caller=github.com/hashicorp/terraform-plugin-framework@v0.16.0/internal/fwserver/server_configureprovider.go:20 timestamp=2023-10-18T18:49:20.431-0500
2023-10-18T18:49:20.435-0500 [INFO]  Starting apply for null_resource.kind_cluster
2023-10-18T18:49:20.435-0500 [DEBUG] null_resource.kind_cluster: applying the planned Delete change
2023-10-18T18:49:20.437-0500 [DEBUG] provider.terraform-provider-null_v3.2.1_x5: Calling provider defined Resource Delete: @module=sdk.framework @caller=github.com/hashicorp/terraform-plugin-framework@v0.16.0/internal/fwserver/server_deleteresource.go:86 tf_provider_addr=registry.terraform.io/hashicorp/null tf_req_id=030e0b32-73eb-2158-1dc8-a2d3c0d835b1 tf_resource_type=null_resource tf_rpc=ApplyResourceChange timestamp=2023-10-18T18:49:20.437-0500
2023-10-18T18:49:20.437-0500 [DEBUG] provider.terraform-provider-null_v3.2.1_x5: Called provider defined Resource Delete: tf_req_id=030e0b32-73eb-2158-1dc8-a2d3c0d835b1 tf_rpc=ApplyResourceChange @module=sdk.framework tf_provider_addr=registry.terraform.io/hashicorp/null @caller=github.com/hashicorp/terraform-plugin-framework@v0.16.0/internal/fwserver/server_deleteresource.go:88 tf_resource_type=null_resource timestamp=2023-10-18T18:49:20.437-0500
2023-10-18T18:49:20.443-0500 [DEBUG] State storage *statemgr.Filesystem declined to persist a state snapshot
2023-10-18T18:49:20.444-0500 [DEBUG] provider.terraform-provider-null_v3.2.1_x5: Calling provider defined Type Validate: tf_provider_addr=registry.terraform.io/hashicorp/null tf_req_id=fd4c7085-0144-fa22-c026-cccc0ca3dbcc tf_resource_type=null_resource tf_rpc=ValidateResourceTypeConfig @module=sdk.framework tf_attribute_path=id @caller=github.com/hashicorp/terraform-plugin-framework@v0.16.0/internal/fwschemadata/data_value.go:78 timestamp=2023-10-18T18:49:20.444-0500
2023-10-18T18:49:20.444-0500 [DEBUG] provider.terraform-provider-null_v3.2.1_x5: Called provider defined Type Validate: tf_resource_type=null_resource @caller=github.com/hashicorp/terraform-plugin-framework@v0.16.0/internal/fwschemadata/data_value.go:80 @module=sdk.framework tf_rpc=ValidateResourceTypeConfig tf_attribute_path=id tf_provider_addr=registry.terraform.io/hashicorp/null tf_req_id=fd4c7085-0144-fa22-c026-cccc0ca3dbcc timestamp=2023-10-18T18:49:20.444-0500
2023-10-18T18:49:20.444-0500 [DEBUG] provider.terraform-provider-null_v3.2.1_x5: Calling provider defined Type Validate: @module=sdk.framework tf_attribute_path=triggers tf_provider_addr=registry.terraform.io/hashicorp/null tf_resource_type=null_resource tf_rpc=ValidateResourceTypeConfig @caller=github.com/hashicorp/terraform-plugin-framework@v0.16.0/internal/fwschemadata/data_value.go:78 tf_req_id=fd4c7085-0144-fa22-c026-cccc0ca3dbcc timestamp=2023-10-18T18:49:20.444-0500
2023-10-18T18:49:20.444-0500 [DEBUG] provider.terraform-provider-null_v3.2.1_x5: Called provider defined Type Validate: @caller=github.com/hashicorp/terraform-plugin-framework@v0.16.0/internal/fwschemadata/data_value.go:80 tf_provider_addr=registry.terraform.io/hashicorp/null tf_resource_type=null_resource tf_rpc=ValidateResourceTypeConfig @module=sdk.framework tf_attribute_path=triggers tf_req_id=fd4c7085-0144-fa22-c026-cccc0ca3dbcc timestamp=2023-10-18T18:49:20.444-0500
2023-10-18T18:49:20.446-0500 [DEBUG] provider.terraform-provider-null_v3.2.1_x5: marking computed attribute that is null in the config as unknown: tf_attribute_path="AttributeName(\"id\")" tf_provider_addr=registry.terraform.io/hashicorp/null tf_resource_type=null_resource @caller=github.com/hashicorp/terraform-plugin-framework@v0.16.0/internal/fwserver/server_planresourcechange.go:304 tf_rpc=PlanResourceChange @module=sdk.framework tf_req_id=ede7ee7a-c64e-03e3-577f-ad61e9660cf2 timestamp=2023-10-18T18:49:20.446-0500
2023-10-18T18:49:20.446-0500 [DEBUG] provider.terraform-provider-null_v3.2.1_x5: Calling provider defined Type Validate: @module=sdk.framework tf_attribute_path="" tf_provider_addr=registry.terraform.io/hashicorp/null tf_resource_type=null_resource @caller=github.com/hashicorp/terraform-plugin-framework@v0.16.0/internal/fwschemadata/data_value.go:78 tf_req_id=ede7ee7a-c64e-03e3-577f-ad61e9660cf2 tf_rpc=PlanResourceChange timestamp=2023-10-18T18:49:20.446-0500
2023-10-18T18:49:20.446-0500 [DEBUG] provider.terraform-provider-null_v3.2.1_x5: Called provider defined Type Validate: tf_attribute_path="" tf_provider_addr=registry.terraform.io/hashicorp/null tf_req_id=ede7ee7a-c64e-03e3-577f-ad61e9660cf2 tf_resource_type=null_resource @caller=github.com/hashicorp/terraform-plugin-framework@v0.16.0/internal/fwschemadata/data_value.go:80 @module=sdk.framework tf_rpc=PlanResourceChange timestamp=2023-10-18T18:49:20.446-0500
2023-10-18T18:49:20.446-0500 [DEBUG] provider.terraform-provider-null_v3.2.1_x5: Calling provider defined Type Validate: tf_attribute_path="" tf_provider_addr=registry.terraform.io/hashicorp/null tf_req_id=ede7ee7a-c64e-03e3-577f-ad61e9660cf2 tf_resource_type=null_resource @caller=github.com/hashicorp/terraform-plugin-framework@v0.16.0/internal/fwschemadata/data_value.go:78 @module=sdk.framework tf_rpc=PlanResourceChange timestamp=2023-10-18T18:49:20.446-0500
2023-10-18T18:49:20.446-0500 [DEBUG] provider.terraform-provider-null_v3.2.1_x5: Called provider defined Type Validate: tf_attribute_path="" tf_provider_addr=registry.terraform.io/hashicorp/null tf_req_id=ede7ee7a-c64e-03e3-577f-ad61e9660cf2 @caller=github.com/hashicorp/terraform-plugin-framework@v0.16.0/internal/fwschemadata/data_value.go:80 @module=sdk.framework tf_resource_type=null_resource tf_rpc=PlanResourceChange timestamp=2023-10-18T18:49:20.446-0500
2023-10-18T18:49:20.446-0500 [DEBUG] provider.terraform-provider-null_v3.2.1_x5: Calling provider defined AttributePlanModifier: tf_resource_type=null_resource tf_rpc=PlanResourceChange @caller=github.com/hashicorp/terraform-plugin-framework@v0.16.0/internal/fwserver/attribute_plan_modification.go:52 tf_attribute_path=id tf_req_id=ede7ee7a-c64e-03e3-577f-ad61e9660cf2 @module=sdk.framework description="Once set, the value of this attribute in state will not change." tf_provider_addr=registry.terraform.io/hashicorp/null timestamp=2023-10-18T18:49:20.446-0500
2023-10-18T18:49:20.446-0500 [DEBUG] provider.terraform-provider-null_v3.2.1_x5: Called provider defined AttributePlanModifier: @module=sdk.framework description="Once set, the value of this attribute in state will not change." tf_provider_addr=registry.terraform.io/hashicorp/null @caller=github.com/hashicorp/terraform-plugin-framework@v0.16.0/internal/fwserver/attribute_plan_modification.go:60 tf_attribute_path=id tf_req_id=ede7ee7a-c64e-03e3-577f-ad61e9660cf2 tf_resource_type=null_resource tf_rpc=PlanResourceChange timestamp=2023-10-18T18:49:20.446-0500
2023-10-18T18:49:20.446-0500 [DEBUG] provider.terraform-provider-null_v3.2.1_x5: Calling provider defined Type Validate: tf_req_id=ede7ee7a-c64e-03e3-577f-ad61e9660cf2 tf_resource_type=null_resource @caller=github.com/hashicorp/terraform-plugin-framework@v0.16.0/internal/fwschemadata/data_set_at_path.go:71 @module=sdk.framework tf_rpc=PlanResourceChange tf_attribute_path=id tf_provider_addr=registry.terraform.io/hashicorp/null timestamp=2023-10-18T18:49:20.446-0500
2023-10-18T18:49:20.446-0500 [DEBUG] provider.terraform-provider-null_v3.2.1_x5: Called provider defined Type Validate: @module=sdk.framework tf_attribute_path=id tf_provider_addr=registry.terraform.io/hashicorp/null tf_req_id=ede7ee7a-c64e-03e3-577f-ad61e9660cf2 @caller=github.com/hashicorp/terraform-plugin-framework@v0.16.0/internal/fwschemadata/data_set_at_path.go:73 tf_resource_type=null_resource tf_rpc=PlanResourceChange timestamp=2023-10-18T18:49:20.446-0500
2023-10-18T18:49:20.446-0500 [DEBUG] provider.terraform-provider-null_v3.2.1_x5: Calling provider defined Type Validate: tf_rpc=PlanResourceChange @caller=github.com/hashicorp/terraform-plugin-framework@v0.16.0/internal/fwschemadata/data_value.go:78 @module=sdk.framework tf_attribute_path=id tf_provider_addr=registry.terraform.io/hashicorp/null tf_req_id=ede7ee7a-c64e-03e3-577f-ad61e9660cf2 tf_resource_type=null_resource timestamp=2023-10-18T18:49:20.446-0500
2023-10-18T18:49:20.446-0500 [DEBUG] provider.terraform-provider-null_v3.2.1_x5: Called provider defined Type Validate: tf_attribute_path=id tf_provider_addr=registry.terraform.io/hashicorp/null tf_resource_type=null_resource tf_rpc=PlanResourceChange @caller=github.com/hashicorp/terraform-plugin-framework@v0.16.0/internal/fwschemadata/data_value.go:80 @module=sdk.framework tf_req_id=ede7ee7a-c64e-03e3-577f-ad61e9660cf2 timestamp=2023-10-18T18:49:20.446-0500
2023-10-18T18:49:20.446-0500 [DEBUG] provider.terraform-provider-null_v3.2.1_x5: Calling provider defined Type Validate: @caller=github.com/hashicorp/terraform-plugin-framework@v0.16.0/internal/fwschemadata/data_value.go:78 @module=sdk.framework tf_provider_addr=registry.terraform.io/hashicorp/null tf_resource_type=null_resource tf_attribute_path=id tf_req_id=ede7ee7a-c64e-03e3-577f-ad61e9660cf2 tf_rpc=PlanResourceChange timestamp=2023-10-18T18:49:20.446-0500
2023-10-18T18:49:20.446-0500 [DEBUG] provider.terraform-provider-null_v3.2.1_x5: Called provider defined Type Validate: @module=sdk.framework tf_provider_addr=registry.terraform.io/hashicorp/null tf_req_id=ede7ee7a-c64e-03e3-577f-ad61e9660cf2 @caller=github.com/hashicorp/terraform-plugin-framework@v0.16.0/internal/fwschemadata/data_value.go:80 tf_attribute_path=id tf_resource_type=null_resource tf_rpc=PlanResourceChange timestamp=2023-10-18T18:49:20.446-0500
2023-10-18T18:49:20.446-0500 [DEBUG] provider.terraform-provider-null_v3.2.1_x5: Calling provider defined AttributePlanModifier: tf_resource_type=null_resource @caller=github.com/hashicorp/terraform-plugin-framework@v0.16.0/internal/fwserver/attribute_plan_modification.go:52 description="If the value of this attribute changes, Terraform will destroy and recreate the resource." tf_attribute_path=triggers tf_req_id=ede7ee7a-c64e-03e3-577f-ad61e9660cf2 @module=sdk.framework tf_provider_addr=registry.terraform.io/hashicorp/null tf_rpc=PlanResourceChange timestamp=2023-10-18T18:49:20.446-0500
2023-10-18T18:49:20.446-0500 [DEBUG] provider.terraform-provider-null_v3.2.1_x5: Called provider defined AttributePlanModifier: description="If the value of this attribute changes, Terraform will destroy and recreate the resource." tf_attribute_path=triggers tf_provider_addr=registry.terraform.io/hashicorp/null tf_req_id=ede7ee7a-c64e-03e3-577f-ad61e9660cf2 tf_resource_type=null_resource @caller=github.com/hashicorp/terraform-plugin-framework@v0.16.0/internal/fwserver/attribute_plan_modification.go:60 @module=sdk.framework tf_rpc=PlanResourceChange timestamp=2023-10-18T18:49:20.446-0500
2023-10-18T18:49:20.447-0500 [DEBUG] provider.terraform-provider-null_v3.2.1_x5: Calling provider defined Type Validate: tf_attribute_path=triggers tf_req_id=ede7ee7a-c64e-03e3-577f-ad61e9660cf2 tf_resource_type=null_resource tf_rpc=PlanResourceChange @caller=github.com/hashicorp/terraform-plugin-framework@v0.16.0/internal/fwschemadata/data_set_at_path.go:71 tf_provider_addr=registry.terraform.io/hashicorp/null @module=sdk.framework timestamp=2023-10-18T18:49:20.446-0500
2023-10-18T18:49:20.447-0500 [DEBUG] provider.terraform-provider-null_v3.2.1_x5: Called provider defined Type Validate: @caller=github.com/hashicorp/terraform-plugin-framework@v0.16.0/internal/fwschemadata/data_set_at_path.go:73 @module=sdk.framework tf_attribute_path=triggers tf_provider_addr=registry.terraform.io/hashicorp/null tf_req_id=ede7ee7a-c64e-03e3-577f-ad61e9660cf2 tf_resource_type=null_resource tf_rpc=PlanResourceChange timestamp=2023-10-18T18:49:20.447-0500
2023-10-18T18:49:20.447-0500 [INFO]  Starting apply for null_resource.kind_cluster
2023-10-18T18:49:20.447-0500 [DEBUG] null_resource.kind_cluster: applying the planned Create change
2023-10-18T18:49:20.448-0500 [DEBUG] provider.terraform-provider-null_v3.2.1_x5: Calling provider defined Resource Create: @module=sdk.framework tf_req_id=1dbfb169-26ea-1c30-c315-41690177b744 tf_resource_type=null_resource tf_rpc=ApplyResourceChange @caller=github.com/hashicorp/terraform-plugin-framework@v0.16.0/internal/fwserver/server_createresource.go:96 tf_provider_addr=registry.terraform.io/hashicorp/null timestamp=2023-10-18T18:49:20.448-0500
2023-10-18T18:49:20.449-0500 [DEBUG] provider.terraform-provider-null_v3.2.1_x5: Calling provider defined Type Validate: tf_attribute_path=id tf_provider_addr=registry.terraform.io/hashicorp/null tf_resource_type=null_resource tf_rpc=ApplyResourceChange @module=sdk.framework tf_req_id=1dbfb169-26ea-1c30-c315-41690177b744 @caller=github.com/hashicorp/terraform-plugin-framework@v0.16.0/internal/fwschemadata/data_set_at_path.go:71 timestamp=2023-10-18T18:49:20.449-0500
2023-10-18T18:49:20.449-0500 [DEBUG] provider.terraform-provider-null_v3.2.1_x5: Called provider defined Type Validate: @module=sdk.framework tf_rpc=ApplyResourceChange tf_provider_addr=registry.terraform.io/hashicorp/null tf_req_id=1dbfb169-26ea-1c30-c315-41690177b744 tf_resource_type=null_resource @caller=github.com/hashicorp/terraform-plugin-framework@v0.16.0/internal/fwschemadata/data_set_at_path.go:73 tf_attribute_path=id timestamp=2023-10-18T18:49:20.449-0500
2023-10-18T18:49:20.449-0500 [DEBUG] provider.terraform-provider-null_v3.2.1_x5: Called provider defined Resource Create: tf_provider_addr=registry.terraform.io/hashicorp/null tf_req_id=1dbfb169-26ea-1c30-c315-41690177b744 tf_resource_type=null_resource tf_attribute_path=id tf_rpc=ApplyResourceChange @caller=github.com/hashicorp/terraform-plugin-framework@v0.16.0/internal/fwserver/server_createresource.go:98 @module=sdk.framework timestamp=2023-10-18T18:49:20.449-0500
2023-10-18T18:49:21.966-0500 [WARN]  Errors while provisioning null_resource.kind_cluster with "local-exec", so aborting
2023-10-18T18:49:21.968-0500 [DEBUG] State storage *statemgr.Filesystem declined to persist a state snapshot
2023-10-18T18:49:21.968-0500 [ERROR] vertex "null_resource.kind_cluster" error: local-exec provisioner error
2023-10-18T18:49:21.971-0500 [DEBUG] provider.stdio: received EOF, stopping recv loop: err="rpc error: code = Unavailable desc = error reading from server: EOF"
2023-10-18T18:49:21.971-0500 [DEBUG] provider.stdio: received EOF, stopping recv loop: err="rpc error: code = Unavailable desc = error reading from server: EOF"
2023-10-18T18:49:21.974-0500 [DEBUG] provider: plugin process exited: path=.terraform/providers/registry.terraform.io/hashicorp/null/3.2.1/linux_amd64/terraform-provider-null_v3.2.1_x5 pid=2679470
2023-10-18T18:49:21.974-0500 [DEBUG] provider: plugin exited
2023-10-18T18:49:21.978-0500 [DEBUG] provider: plugin process exited: path=.terraform/providers/registry.terraform.io/hashicorp/helm/2.11.0/linux_amd64/terraform-provider-helm_v2.11.0_x5 pid=2679444
2023-10-18T18:49:21.978-0500 [DEBUG] provider: plugin exited
